02:38:01 04/19/17 FILE=D:/phpStudy/WWW/000/imbuilder/trunk/install/index.php [info] 插件 Perm 不存在！
02:38:23 04/19/17 FILE=D:/phpStudy/WWW/000/imbuilder/trunk/install/index.php [info] 插件 Perm 不存在！
02:38:26 04/19/17 FILE=D:/phpStudy/WWW/000/imbuilder/trunk/install/index.php [info] 插件 Perm 不存在！
02:38:27 04/19/17 FILE=D:/phpStudy/WWW/000/imbuilder/trunk/install/index.php [info] 插件 Perm 不存在！
02:40:11 04/19/17 FILE=D:/phpStudy/WWW/000/imbuilder/trunk/install/index.php [info] 插件 Perm 不存在！
02:40:47 04/19/17 FILE=D:/phpStudy/WWW/000/imbuilder/trunk/install/index.php [info] 插件 Perm 不存在！
02:40:48 04/19/17 FILE=D:/phpStudy/WWW/000/imbuilder/trunk/install/index.php [info] 插件 Perm 不存在！
02:41:26 04/19/17 FILE=D:/phpStudy/WWW/000/imbuilder/trunk/install/index.php [info] 插件 Perm 不存在！
02:41:26 04/19/17 FILE=D:/phpStudy/WWW/000/imbuilder/trunk/install/index.php [info] 插件 Perm 不存在！
02:41:37 04/19/17 FILE=D:/phpStudy/WWW/000/imbuilder/trunk/install/index.php [info] 插件 Perm 不存在！
02:41:42 04/19/17 FILE=D:/phpStudy/WWW/000/imbuilder/trunk/install/index.php [info] 插件 Perm 不存在！
02:41:43 04/19/17 FILE=D:/phpStudy/WWW/000/imbuilder/trunk/install/index.php [info] 插件 Perm 不存在！
02:52:11 04/19/17 FILE=D:/phpStudy/WWW/2017/imbuilder/install/index.php [info] 插件 Perm 不存在！
02:52:28 04/19/17 FILE=D:/phpStudy/WWW/2017/imbuilder/install/index.php [info] 插件 Perm 不存在！
02:52:45 04/19/17 FILE=D:/phpStudy/WWW/2017/imbuilder/install/index.php [info] 插件 Perm 不存在！
02:52:50 04/19/17 FILE=D:/phpStudy/WWW/2017/imbuilder/install/index.php [info] 插件 Perm 不存在！
02:52:51 04/19/17 FILE=D:/phpStudy/WWW/2017/imbuilder/install/index.php [info] 插件 Perm 不存在！
02:53:53 04/19/17 FILE=D:/phpStudy/WWW/2017/imbuilder/install/index.php [info] 插件 Perm 不存在！
02:53:53 04/19/17 FILE=D:/phpStudy/WWW/2017/imbuilder/install/index.php [info] 插件 Perm 不存在！
02:54:20 04/19/17 FILE=D:/phpStudy/WWW/2017/imbuilder/install/index.php [info] 插件 Perm 不存在！
02:54:20 04/19/17 FILE=D:/phpStudy/WWW/2017/imbuilder/install/index.php [info] 插件 Perm 不存在！
02:54:23 04/19/17 FILE=D:/phpStudy/WWW/2017/imbuilder/install/index.php [info] 插件 Perm 不存在！
02:55:13 04/19/17 FILE=D:/phpStudy/WWW/2017/imbuilder/install/index.php [info] 插件 Perm 不存在！
02:55:14 04/19/17 FILE=D:/phpStudy/WWW/2017/imbuilder/install/index.php [info] 插件 Perm 不存在！
02:55:37 04/19/17 FILE=D:/phpStudy/WWW/2017/imbuilder/install/index.php [info] 插件 Perm 不存在！
02:55:37 04/19/17 FILE=D:/phpStudy/WWW/2017/imbuilder/install/index.php [info] 插件 Perm 不存在！
02:55:37 04/19/17 FILE=D:/phpStudy/WWW/2017/imbuilder/install/index.php [info] 插件 Perm 不存在！
02:56:02 04/19/17 FILE=D:/phpStudy/WWW/2017/imbuilder/install/index.php [info] 插件 Perm 不存在！
02:56:02 04/19/17 FILE=D:/phpStudy/WWW/2017/imbuilder/install/index.php [info] 插件 Perm 不存在！
02:56:02 04/19/17 FILE=D:/phpStudy/WWW/2017/imbuilder/install/index.php [info] 插件 Perm 不存在！
02:56:12 04/19/17 FILE=D:/phpStudy/WWW/2017/imbuilder/install/index.php [info] 插件 Perm 不存在！
02:56:12 04/19/17 FILE=D:/phpStudy/WWW/2017/imbuilder/install/index.php [info] 插件 Perm 不存在！
02:56:12 04/19/17 FILE=D:/phpStudy/WWW/2017/imbuilder/install/index.php [info] 插件 Perm 不存在！
02:56:40 04/19/17 FILE=D:/phpStudy/WWW/2017/imbuilder/install/index.php [info] 插件 Perm 不存在！
02:56:40 04/19/17 FILE=D:/phpStudy/WWW/2017/imbuilder/install/index.php [info] 插件 Perm 不存在！
02:56:40 04/19/17 FILE=D:/phpStudy/WWW/2017/imbuilder/install/index.php [info] 插件 Perm 不存在！
02:56:49 04/19/17 FILE=D:/phpStudy/WWW/2017/imbuilder/install/index.php [info] 插件 Perm 不存在！
02:56:49 04/19/17 FILE=D:/phpStudy/WWW/2017/imbuilder/install/index.php [info] 插件 Perm 不存在！
02:56:49 04/19/17 FILE=D:/phpStudy/WWW/2017/imbuilder/install/index.php [info] 插件 Perm 不存在！
02:56:50 04/19/17 FILE=D:/phpStudy/WWW/2017/imbuilder/install/index.php [info] 插件 Perm 不存在！
02:56:50 04/19/17 FILE=D:/phpStudy/WWW/2017/imbuilder/install/index.php [info] 插件 Perm 不存在！
02:56:50 04/19/17 FILE=D:/phpStudy/WWW/2017/imbuilder/install/index.php [info] 插件 Perm 不存在！
02:57:04 04/19/17 FILE=D:/phpStudy/WWW/2017/imbuilder/install/index.php [info] 插件 Perm 不存在！
02:57:04 04/19/17 FILE=D:/phpStudy/WWW/2017/imbuilder/install/index.php [info] 插件 Perm 不存在！
02:57:04 04/19/17 FILE=D:/phpStudy/WWW/2017/imbuilder/install/index.php [info] 插件 Perm 不存在！
02:57:12 04/19/17 FILE=D:/phpStudy/WWW/2017/imbuilder/install/index.php [info] 插件 Perm 不存在！
02:57:18 04/19/17 FILE=D:/phpStudy/WWW/2017/imbuilder/install/index.php [info] 插件 Perm 不存在！
02:57:18 04/19/17 FILE=D:/phpStudy/WWW/2017/imbuilder/install/index.php [info] 插件 Perm 不存在！
02:57:18 04/19/17 FILE=D:/phpStudy/WWW/2017/imbuilder/install/index.php [info] 插件 Perm 不存在！
02:58:37 04/19/17 FILE=D:/phpStudy/WWW/2017/imbuilder/install/index.php [info] 插件 Perm 不存在！
02:58:37 04/19/17 FILE=D:/phpStudy/WWW/2017/imbuilder/install/index.php [info] 插件 Perm 不存在！
02:58:37 04/19/17 FILE=D:/phpStudy/WWW/2017/imbuilder/install/index.php [info] 插件 Perm 不存在！
03:00:15 04/19/17 FILE=D:/phpStudy/WWW/2017/imbuilder/install/index.php [info] 插件 Perm 不存在！
03:00:15 04/19/17 FILE=D:/phpStudy/WWW/2017/imbuilder/install/index.php [info] 插件 Perm 不存在！
03:00:15 04/19/17 FILE=D:/phpStudy/WWW/2017/imbuilder/install/index.php [info] 插件 Perm 不存在！
03:00:36 04/19/17 FILE=D:/phpStudy/WWW/2017/imbuilder/install/index.php [info] 插件 Perm 不存在！
03:00:36 04/19/17 FILE=D:/phpStudy/WWW/2017/imbuilder/install/index.php [info] 插件 Perm 不存在！
03:00:36 04/19/17 FILE=D:/phpStudy/WWW/2017/imbuilder/install/index.php [info] 插件 Perm 不存在！
03:01:35 04/19/17 FILE=D:/phpStudy/WWW/2017/imbuilder/install/index.php [info] 插件 Perm 不存在！
03:01:35 04/19/17 FILE=D:/phpStudy/WWW/2017/imbuilder/install/index.php [info] 插件 Perm 不存在！
03:01:35 04/19/17 FILE=D:/phpStudy/WWW/2017/imbuilder/install/index.php [info] 插件 Perm 不存在！
03:01:48 04/19/17 FILE=D:/phpStudy/WWW/2017/imbuilder/install/index.php [info] 插件 Perm 不存在！
03:01:48 04/19/17 FILE=D:/phpStudy/WWW/2017/imbuilder/install/index.php [info] 插件 Perm 不存在！
03:01:48 04/19/17 FILE=D:/phpStudy/WWW/2017/imbuilder/install/index.php [info] 插件 Perm 不存在！
03:01:57 04/19/17 FILE=D:/phpStudy/WWW/2017/imbuilder/install/index.php [info] 插件 Perm 不存在！
03:01:57 04/19/17 FILE=D:/phpStudy/WWW/2017/imbuilder/install/index.php [info] 插件 Perm 不存在！
03:02:25 04/19/17 FILE=D:/phpStudy/WWW/2017/imbuilder/install/index.php [info] 插件 Perm 不存在！
03:02:25 04/19/17 FILE=D:/phpStudy/WWW/2017/imbuilder/install/index.php [info] 插件 Perm 不存在！
03:02:27 04/19/17 FILE=D:/phpStudy/WWW/2017/imbuilder/install/index.php [info] 插件 Perm 不存在！
03:02:27 04/19/17 FILE=D:/phpStudy/WWW/2017/imbuilder/install/index.php [info] 插件 Perm 不存在！
03:02:27 04/19/17 FILE=D:/phpStudy/WWW/2017/imbuilder/install/index.php [info] 插件 Perm 不存在！
03:02:48 04/19/17 FILE=D:/phpStudy/WWW/2017/imbuilder/install/index.php [info] 插件 Perm 不存在！
03:02:48 04/19/17 FILE=D:/phpStudy/WWW/2017/imbuilder/install/index.php [info] 插件 Perm 不存在！
03:03:02 04/19/17 FILE=D:/phpStudy/WWW/2017/imbuilder/install/index.php [info] 插件 Perm 不存在！
03:03:03 04/19/17 FILE=D:/phpStudy/WWW/2017/imbuilder/install/index.php [info] 插件 Perm 不存在！
03:04:34 04/19/17 FILE=D:/phpStudy/WWW/2017/imbuilder/install/index.php [info] 插件 Perm 不存在！
03:04:34 04/19/17 FILE=D:/phpStudy/WWW/2017/imbuilder/install/index.php [info] 插件 Perm 不存在！
03:04:57 04/19/17 FILE=D:/phpStudy/WWW/2017/imbuilder/install/index.php [info] 插件 Perm 不存在！
03:04:57 04/19/17 FILE=D:/phpStudy/WWW/2017/imbuilder/install/index.php [info] 插件 Perm 不存在！
03:04:57 04/19/17 FILE=D:/phpStudy/WWW/2017/imbuilder/install/index.php [info] 插件 Perm 不存在！
03:05:11 04/19/17 FILE=D:/phpStudy/WWW/2017/imbuilder/install/index.php [info] 插件 Perm 不存在！
03:05:11 04/19/17 FILE=D:/phpStudy/WWW/2017/imbuilder/install/index.php [info] 插件 Perm 不存在！
03:05:11 04/19/17 FILE=D:/phpStudy/WWW/2017/imbuilder/install/index.php [info] 插件 Perm 不存在！
03:08:34 04/19/17 FILE=D:/phpStudy/WWW/2017/imbuilder/install/index.php [info] 插件 Perm 不存在！
03:09:30 04/19/17 FILE=D:/phpStudy/WWW/2017/imbuilder/install/index.php [info] 插件 Perm 不存在！
03:09:30 04/19/17 FILE=D:/phpStudy/WWW/2017/imbuilder/install/index.php [info] 插件 Perm 不存在！
03:09:30 04/19/17 FILE=D:/phpStudy/WWW/2017/imbuilder/install/index.php [info] 插件 Perm 不存在！
03:09:31 04/19/17 FILE=D:/phpStudy/WWW/2017/imbuilder/install/index.php [info] 插件 Perm 不存在！
03:09:31 04/19/17 FILE=D:/phpStudy/WWW/2017/imbuilder/install/index.php [info] 插件 Perm 不存在！
03:09:31 04/19/17 FILE=D:/phpStudy/WWW/2017/imbuilder/install/index.php [info] 插件 Perm 不存在！
03:09:32 04/19/17 FILE=D:/phpStudy/WWW/2017/imbuilder/install/index.php [info] 插件 Perm 不存在！
03:09:32 04/19/17 FILE=D:/phpStudy/WWW/2017/imbuilder/install/index.php [info] 插件 Perm 不存在！
03:09:32 04/19/17 FILE=D:/phpStudy/WWW/2017/imbuilder/install/index.php [info] 插件 Perm 不存在！
03:09:32 04/19/17 FILE=D:/phpStudy/WWW/2017/imbuilder/install/index.php [info] 插件 Perm 不存在！
03:09:32 04/19/17 FILE=D:/phpStudy/WWW/2017/imbuilder/install/index.php [info] 插件 Perm 不存在！
03:09:32 04/19/17 FILE=D:/phpStudy/WWW/2017/imbuilder/install/index.php [info] 插件 Perm 不存在！
03:09:32 04/19/17 FILE=D:/phpStudy/WWW/2017/imbuilder/install/index.php [info] 插件 Perm 不存在！
03:09:32 04/19/17 FILE=D:/phpStudy/WWW/2017/imbuilder/install/index.php [info] 插件 Perm 不存在！
03:09:32 04/19/17 FILE=D:/phpStudy/WWW/2017/imbuilder/install/index.php [info] 插件 Perm 不存在！
03:09:33 04/19/17 FILE=D:/phpStudy/WWW/2017/imbuilder/install/index.php [info] 插件 Perm 不存在！
03:09:33 04/19/17 FILE=D:/phpStudy/WWW/2017/imbuilder/install/index.php [info] 插件 Perm 不存在！
03:09:33 04/19/17 FILE=D:/phpStudy/WWW/2017/imbuilder/install/index.php [info] 插件 Perm 不存在！
03:09:33 04/19/17 FILE=D:/phpStudy/WWW/2017/imbuilder/install/index.php [info] 插件 Perm 不存在！
03:09:33 04/19/17 FILE=D:/phpStudy/WWW/2017/imbuilder/install/index.php [info] 插件 Perm 不存在！
03:09:33 04/19/17 FILE=D:/phpStudy/WWW/2017/imbuilder/install/index.php [info] 插件 Perm 不存在！
03:09:34 04/19/17 FILE=D:/phpStudy/WWW/2017/imbuilder/install/index.php [info] 插件 Perm 不存在！
03:09:34 04/19/17 FILE=D:/phpStudy/WWW/2017/imbuilder/install/index.php [info] 插件 Perm 不存在！
03:09:34 04/19/17 FILE=D:/phpStudy/WWW/2017/imbuilder/install/index.php [info] 插件 Perm 不存在！
03:09:34 04/19/17 FILE=D:/phpStudy/WWW/2017/imbuilder/install/index.php [info] 插件 Perm 不存在！
03:09:34 04/19/17 FILE=D:/phpStudy/WWW/2017/imbuilder/install/index.php [info] 插件 Perm 不存在！
03:09:34 04/19/17 FILE=D:/phpStudy/WWW/2017/imbuilder/install/index.php [info] 插件 Perm 不存在！
03:09:34 04/19/17 FILE=D:/phpStudy/WWW/2017/imbuilder/install/index.php [info] 插件 Perm 不存在！
03:09:34 04/19/17 FILE=D:/phpStudy/WWW/2017/imbuilder/install/index.php [info] 插件 Perm 不存在！
03:09:34 04/19/17 FILE=D:/phpStudy/WWW/2017/imbuilder/install/index.php [info] 插件 Perm 不存在！
03:09:34 04/19/17 FILE=D:/phpStudy/WWW/2017/imbuilder/install/index.php [info] 插件 Perm 不存在！
03:09:34 04/19/17 FILE=D:/phpStudy/WWW/2017/imbuilder/install/index.php [info] 插件 Perm 不存在！
03:09:34 04/19/17 FILE=D:/phpStudy/WWW/2017/imbuilder/install/index.php [info] 插件 Perm 不存在！
03:09:35 04/19/17 FILE=D:/phpStudy/WWW/2017/imbuilder/install/index.php [info] 插件 Perm 不存在！
03:09:35 04/19/17 FILE=D:/phpStudy/WWW/2017/imbuilder/install/index.php [info] 插件 Perm 不存在！
03:09:35 04/19/17 FILE=D:/phpStudy/WWW/2017/imbuilder/install/index.php [info] 插件 Perm 不存在！
03:09:36 04/19/17 FILE=D:/phpStudy/WWW/2017/imbuilder/install/index.php [info] 插件 Perm 不存在！
03:09:36 04/19/17 FILE=D:/phpStudy/WWW/2017/imbuilder/install/index.php [info] 插件 Perm 不存在！
03:09:36 04/19/17 FILE=D:/phpStudy/WWW/2017/imbuilder/install/index.php [info] 插件 Perm 不存在！
03:09:36 04/19/17 FILE=D:/phpStudy/WWW/2017/imbuilder/install/index.php [info] 插件 Perm 不存在！
03:09:36 04/19/17 FILE=D:/phpStudy/WWW/2017/imbuilder/install/index.php [info] 插件 Perm 不存在！
03:09:36 04/19/17 FILE=D:/phpStudy/WWW/2017/imbuilder/install/index.php [info] 插件 Perm 不存在！
03:10:11 04/19/17 FILE=D:/phpStudy/WWW/2017/imbuilder/install/index.php [info] 插件 Perm 不存在！
03:10:11 04/19/17 FILE=D:/phpStudy/WWW/2017/imbuilder/install/index.php [info] 插件 Perm 不存在！
03:11:45 04/19/17 FILE=D:/phpStudy/WWW/2017/imbuilder/install/index.php [info] 插件 Perm 不存在！
03:12:16 04/19/17 FILE=D:/phpStudy/WWW/2017/imbuilder/install/index.php [info] 插件 Perm 不存在！
03:12:17 04/19/17 FILE=D:/phpStudy/WWW/2017/imbuilder/install/index.php [info] 插件 Perm 不存在！
03:12:18 04/19/17 FILE=D:/phpStudy/WWW/2017/imbuilder/install/index.php [info] 插件 Perm 不存在！
03:12:18 04/19/17 FILE=D:/phpStudy/WWW/2017/imbuilder/install/index.php [info] 插件 Perm 不存在！
03:12:25 04/19/17 FILE=D:/phpStudy/WWW/2017/imbuilder/install/index.php [info] 插件 Perm 不存在！
03:12:31 04/19/17 FILE=D:/phpStudy/WWW/2017/imbuilder/install/index.php [info] 插件 Perm 不存在！
03:12:36 04/19/17 FILE=D:/phpStudy/WWW/2017/imbuilder/install/index.php [info] 插件 Perm 不存在！
03:12:49 04/19/17 FILE=D:/phpStudy/WWW/2017/imbuilder/install/index.php [info] 插件 Perm 不存在！
03:13:01 04/19/17 FILE=D:/phpStudy/WWW/2017/imbuilder/install/index.php [info] 插件 Perm 不存在！
03:15:16 04/19/17 FILE=D:/phpStudy/WWW/2017/imbuilder/install/index.php [info] 插件 Perm 不存在！
03:16:24 04/19/17 FILE=D:/phpStudy/WWW/2017/imbuilder/install/index.php [info] 插件 Perm 不存在！
03:16:33 04/19/17 FILE=D:/phpStudy/WWW/2017/imbuilder/install/index.php [info] 插件 Perm 不存在！
03:16:34 04/19/17 FILE=D:/phpStudy/WWW/2017/imbuilder/install/index.php [info] 插件 Perm 不存在！
03:16:35 04/19/17 FILE=D:/phpStudy/WWW/2017/imbuilder/install/index.php [info] 插件 Perm 不存在！
03:16:38 04/19/17 FILE=D:/phpStudy/WWW/2017/imbuilder/install/index.php [info] 插件 Perm 不存在！
03:17:00 04/19/17 FILE=D:/phpStudy/WWW/2017/imbuilder/install/index.php [info] 插件 Perm 不存在！
03:17:09 04/19/17 FILE=D:/phpStudy/WWW/2017/imbuilder/install/index.php [info] 插件 Perm 不存在！
03:17:32 04/19/17 FILE=D:/phpStudy/WWW/2017/imbuilder/install/index.php [info] 插件 Perm 不存在！
03:18:18 04/19/17 FILE=D:/phpStudy/WWW/2017/imbuilder/install/index.php [info] 插件 Perm 不存在！
03:21:45 04/19/17 FILE=D:/phpStudy/WWW/2017/imbuilder/install/index.php [info] 插件 Perm 不存在！
03:21:45 04/19/17 FILE=D:/phpStudy/WWW/2017/imbuilder/install/index.php [info] 插件 Perm 不存在！
03:39:56 04/19/17 FILE=D:/phpStudy/WWW/2017/imbuilder_admin/install/index.php [info] 插件 Perm 不存在！
03:39:56 04/19/17 FILE=D:/phpStudy/WWW/2017/imbuilder_admin/install/index.php [info] 插件 Log 不存在！
03:39:56 04/19/17 FILE=D:/phpStudy/WWW/2017/imbuilder_admin/install/index.php [info] 插件 Xhprof 不存在！
03:41:04 04/19/17 FILE=D:/phpStudy/WWW/2017/imbuilder_admin/install/index.php [info] 插件 Perm 不存在！
03:41:04 04/19/17 FILE=D:/phpStudy/WWW/2017/imbuilder_admin/install/index.php [info] 插件 Log 不存在！
03:41:04 04/19/17 FILE=D:/phpStudy/WWW/2017/imbuilder_admin/install/index.php [info] 插件 Xhprof 不存在！
03:41:06 04/19/17 FILE=D:/phpStudy/WWW/2017/imbuilder_admin/install/index.php [info] 插件 Perm 不存在！
03:41:06 04/19/17 FILE=D:/phpStudy/WWW/2017/imbuilder_admin/install/index.php [info] 插件 Log 不存在！
03:41:06 04/19/17 FILE=D:/phpStudy/WWW/2017/imbuilder_admin/install/index.php [info] 插件 Xhprof 不存在！
03:41:06 04/19/17 FILE=D:/phpStudy/WWW/2017/imbuilder_admin/install/index.php [info] 插件 Perm 不存在！
03:41:06 04/19/17 FILE=D:/phpStudy/WWW/2017/imbuilder_admin/install/index.php [info] 插件 Log 不存在！
03:41:06 04/19/17 FILE=D:/phpStudy/WWW/2017/imbuilder_admin/install/index.php [info] 插件 Xhprof 不存在！
03:41:28 04/19/17 FILE=D:/phpStudy/WWW/2017/imbuilder_admin/install/index.php [info] 插件 Perm 不存在！
03:41:28 04/19/17 FILE=D:/phpStudy/WWW/2017/imbuilder_admin/install/index.php [info] 插件 Log 不存在！
03:41:28 04/19/17 FILE=D:/phpStudy/WWW/2017/imbuilder_admin/install/index.php [info] 插件 Xhprof 不存在！
03:41:28 04/19/17 FILE=D:/phpStudy/WWW/2017/imbuilder_admin/install/index.php [info] 插件 Perm 不存在！
03:41:28 04/19/17 FILE=D:/phpStudy/WWW/2017/imbuilder_admin/install/index.php [info] 插件 Log 不存在！
03:41:28 04/19/17 FILE=D:/phpStudy/WWW/2017/imbuilder_admin/install/index.php [info] 插件 Xhprof 不存在！
03:41:31 04/19/17 FILE=D:/phpStudy/WWW/2017/imbuilder_admin/install/index.php [info] 插件 Perm 不存在！
03:41:31 04/19/17 FILE=D:/phpStudy/WWW/2017/imbuilder_admin/install/index.php [info] 插件 Log 不存在！
03:41:31 04/19/17 FILE=D:/phpStudy/WWW/2017/imbuilder_admin/install/index.php [info] 插件 Xhprof 不存在！
03:41:33 04/19/17 FILE=D:/phpStudy/WWW/2017/imbuilder_admin/install/index.php [info] 插件 Perm 不存在！
03:41:33 04/19/17 FILE=D:/phpStudy/WWW/2017/imbuilder_admin/install/index.php [info] 插件 Log 不存在！
03:41:33 04/19/17 FILE=D:/phpStudy/WWW/2017/imbuilder_admin/install/index.php [info] 插件 Xhprof 不存在！
03:41:52 04/19/17 FILE=D:/phpStudy/WWW/2017/imbuilder_admin/install/index.php [info] 插件 Perm 不存在！
03:41:52 04/19/17 FILE=D:/phpStudy/WWW/2017/imbuilder_admin/install/index.php [info] 插件 Log 不存在！
03:41:52 04/19/17 FILE=D:/phpStudy/WWW/2017/imbuilder_admin/install/index.php [info] 插件 Xhprof 不存在！
03:41:52 04/19/17 FILE=D:/phpStudy/WWW/2017/imbuilder_admin/install/index.php [info] 插件 Perm 不存在！
03:41:52 04/19/17 FILE=D:/phpStudy/WWW/2017/imbuilder_admin/install/index.php [info] 插件 Log 不存在！
03:41:52 04/19/17 FILE=D:/phpStudy/WWW/2017/imbuilder_admin/install/index.php [info] 插件 Xhprof 不存在！
03:41:52 04/19/17 FILE=D:/phpStudy/WWW/2017/imbuilder_admin/install/index.php [info] 插件 Perm 不存在！
03:41:52 04/19/17 FILE=D:/phpStudy/WWW/2017/imbuilder_admin/install/index.php [info] 插件 Log 不存在！
03:41:52 04/19/17 FILE=D:/phpStudy/WWW/2017/imbuilder_admin/install/index.php [info] 插件 Xhprof 不存在！
03:42:26 04/19/17 FILE=D:/phpStudy/WWW/2017/imbuilder_admin/install/index.php [info] 插件 Perm 不存在！
03:42:26 04/19/17 FILE=D:/phpStudy/WWW/2017/imbuilder_admin/install/index.php [info] 插件 Log 不存在！
03:42:26 04/19/17 FILE=D:/phpStudy/WWW/2017/imbuilder_admin/install/index.php [info] 插件 Xhprof 不存在！
03:42:35 04/19/17 FILE=D:/phpStudy/WWW/2017/imbuilder_admin/install/index.php [info] 插件 Perm 不存在！
03:42:35 04/19/17 FILE=D:/phpStudy/WWW/2017/imbuilder_admin/install/index.php [info] 插件 Log 不存在！
03:42:35 04/19/17 FILE=D:/phpStudy/WWW/2017/imbuilder_admin/install/index.php [info] 插件 Xhprof 不存在！
03:42:35 04/19/17 FILE=D:/phpStudy/WWW/2017/imbuilder_admin/install/index.php [info] 插件 Perm 不存在！
03:42:35 04/19/17 FILE=D:/phpStudy/WWW/2017/imbuilder_admin/install/index.php [info] 插件 Log 不存在！
03:42:35 04/19/17 FILE=D:/phpStudy/WWW/2017/imbuilder_admin/install/index.php [info] 插件 Xhprof 不存在！
03:42:38 04/19/17 FILE=D:/phpStudy/WWW/2017/imbuilder_admin/install/index.php [info] 插件 Perm 不存在！
03:42:38 04/19/17 FILE=D:/phpStudy/WWW/2017/imbuilder_admin/install/index.php [info] 插件 Log 不存在！
03:42:38 04/19/17 FILE=D:/phpStudy/WWW/2017/imbuilder_admin/install/index.php [info] 插件 Xhprof 不存在！
03:42:39 04/19/17 FILE=D:/phpStudy/WWW/2017/imbuilder_admin/install/index.php [info] 插件 Perm 不存在！
03:42:39 04/19/17 FILE=D:/phpStudy/WWW/2017/imbuilder_admin/install/index.php [info] 插件 Log 不存在！
03:42:39 04/19/17 FILE=D:/phpStudy/WWW/2017/imbuilder_admin/install/index.php [info] 插件 Xhprof 不存在！
03:42:40 04/19/17 FILE=D:/phpStudy/WWW/2017/imbuilder_admin/install/index.php [info] 插件 Perm 不存在！
03:42:40 04/19/17 FILE=D:/phpStudy/WWW/2017/imbuilder_admin/install/index.php [info] 插件 Log 不存在！
03:42:40 04/19/17 FILE=D:/phpStudy/WWW/2017/imbuilder_admin/install/index.php [info] 插件 Xhprof 不存在！
03:42:40 04/19/17 FILE=D:/phpStudy/WWW/2017/imbuilder_admin/install/index.php [info] 插件 Perm 不存在！
03:42:40 04/19/17 FILE=D:/phpStudy/WWW/2017/imbuilder_admin/install/index.php [info] 插件 Log 不存在！
03:42:40 04/19/17 FILE=D:/phpStudy/WWW/2017/imbuilder_admin/install/index.php [info] 插件 Xhprof 不存在！
03:42:40 04/19/17 FILE=D:/phpStudy/WWW/2017/imbuilder_admin/install/index.php [info] 插件 Perm 不存在！
03:42:40 04/19/17 FILE=D:/phpStudy/WWW/2017/imbuilder_admin/install/index.php [info] 插件 Log 不存在！
03:42:40 04/19/17 FILE=D:/phpStudy/WWW/2017/imbuilder_admin/install/index.php [info] 插件 Xhprof 不存在！
03:42:56 04/19/17 FILE=D:/phpStudy/WWW/2017/imbuilder_admin/install/index.php [info] 插件 Perm 不存在！
03:42:56 04/19/17 FILE=D:/phpStudy/WWW/2017/imbuilder_admin/install/index.php [info] 插件 Log 不存在！
03:42:56 04/19/17 FILE=D:/phpStudy/WWW/2017/imbuilder_admin/install/index.php [info] 插件 Xhprof 不存在！
03:42:57 04/19/17 FILE=D:/phpStudy/WWW/2017/imbuilder_admin/install/index.php [info] 插件 Perm 不存在！
03:42:57 04/19/17 FILE=D:/phpStudy/WWW/2017/imbuilder_admin/install/index.php [info] 插件 Log 不存在！
03:42:57 04/19/17 FILE=D:/phpStudy/WWW/2017/imbuilder_admin/install/index.php [info] 插件 Xhprof 不存在！
03:43:02 04/19/17 FILE=D:/phpStudy/WWW/2017/imbuilder_admin/install/index.php [info] 插件 Perm 不存在！
03:43:02 04/19/17 FILE=D:/phpStudy/WWW/2017/imbuilder_admin/install/index.php [info] 插件 Log 不存在！
03:43:02 04/19/17 FILE=D:/phpStudy/WWW/2017/imbuilder_admin/install/index.php [info] 插件 Xhprof 不存在！
03:43:24 04/19/17 FILE=D:/phpStudy/WWW/2017/imbuilder_admin/install/index.php [info] 插件 Perm 不存在！
03:43:24 04/19/17 FILE=D:/phpStudy/WWW/2017/imbuilder_admin/install/index.php [info] 插件 Log 不存在！
03:43:24 04/19/17 FILE=D:/phpStudy/WWW/2017/imbuilder_admin/install/index.php [info] 插件 Xhprof 不存在！
03:43:32 04/19/17 FILE=D:/phpStudy/WWW/2017/imbuilder_admin/install/index.php [info] 插件 Perm 不存在！
03:43:32 04/19/17 FILE=D:/phpStudy/WWW/2017/imbuilder_admin/install/index.php [info] 插件 Log 不存在！
03:43:32 04/19/17 FILE=D:/phpStudy/WWW/2017/imbuilder_admin/install/index.php [info] 插件 Xhprof 不存在！
03:43:32 04/19/17 FILE=D:/phpStudy/WWW/2017/imbuilder_admin/install/index.php [info] 插件 Perm 不存在！
03:43:32 04/19/17 FILE=D:/phpStudy/WWW/2017/imbuilder_admin/install/index.php [info] 插件 Log 不存在！
03:43:32 04/19/17 FILE=D:/phpStudy/WWW/2017/imbuilder_admin/install/index.php [info] 插件 Xhprof 不存在！
03:43:40 04/19/17 FILE=D:/phpStudy/WWW/2017/imbuilder_admin/install/index.php [info] 插件 Perm 不存在！
03:43:40 04/19/17 FILE=D:/phpStudy/WWW/2017/imbuilder_admin/install/index.php [info] 插件 Log 不存在！
03:43:40 04/19/17 FILE=D:/phpStudy/WWW/2017/imbuilder_admin/install/index.php [info] 插件 Xhprof 不存在！
03:43:40 04/19/17 FILE=D:/phpStudy/WWW/2017/imbuilder_admin/install/index.php [info] 插件 Perm 不存在！
03:43:40 04/19/17 FILE=D:/phpStudy/WWW/2017/imbuilder_admin/install/index.php [info] 插件 Log 不存在！
03:43:40 04/19/17 FILE=D:/phpStudy/WWW/2017/imbuilder_admin/install/index.php [info] 插件 Xhprof 不存在！
03:43:40 04/19/17 FILE=D:/phpStudy/WWW/2017/imbuilder_admin/install/index.php [info] 插件 Perm 不存在！
03:43:40 04/19/17 FILE=D:/phpStudy/WWW/2017/imbuilder_admin/install/index.php [info] 插件 Log 不存在！
03:43:40 04/19/17 FILE=D:/phpStudy/WWW/2017/imbuilder_admin/install/index.php [info] 插件 Xhprof 不存在！
03:44:12 04/19/17 FILE=D:/phpStudy/WWW/2017/imbuilder_admin/install/index.php [info] 插件 Perm 不存在！
03:44:12 04/19/17 FILE=D:/phpStudy/WWW/2017/imbuilder_admin/install/index.php [info] 插件 Log 不存在！
03:44:12 04/19/17 FILE=D:/phpStudy/WWW/2017/imbuilder_admin/install/index.php [info] 插件 Xhprof 不存在！
03:44:12 04/19/17 FILE=D:/phpStudy/WWW/2017/imbuilder_admin/install/index.php [info] 插件 Perm 不存在！
03:44:12 04/19/17 FILE=D:/phpStudy/WWW/2017/imbuilder_admin/install/index.php [info] 插件 Log 不存在！
03:44:12 04/19/17 FILE=D:/phpStudy/WWW/2017/imbuilder_admin/install/index.php [info] 插件 Xhprof 不存在！
03:44:12 04/19/17 FILE=D:/phpStudy/WWW/2017/imbuilder_admin/install/index.php [info] 插件 Perm 不存在！
03:44:12 04/19/17 FILE=D:/phpStudy/WWW/2017/imbuilder_admin/install/index.php [info] 插件 Log 不存在！
03:44:12 04/19/17 FILE=D:/phpStudy/WWW/2017/imbuilder_admin/install/index.php [info] 插件 Xhprof 不存在！
03:44:18 04/19/17 FILE=D:/phpStudy/WWW/2017/imbuilder_admin/install/index.php [info] 插件 Perm 不存在！
03:44:18 04/19/17 FILE=D:/phpStudy/WWW/2017/imbuilder_admin/install/index.php [info] 插件 Log 不存在！
03:44:18 04/19/17 FILE=D:/phpStudy/WWW/2017/imbuilder_admin/install/index.php [info] 插件 Xhprof 不存在！
03:44:18 04/19/17 FILE=D:/phpStudy/WWW/2017/imbuilder_admin/install/index.php [info] 插件 Perm 不存在！
03:44:18 04/19/17 FILE=D:/phpStudy/WWW/2017/imbuilder_admin/install/index.php [info] 插件 Log 不存在！
03:44:18 04/19/17 FILE=D:/phpStudy/WWW/2017/imbuilder_admin/install/index.php [info] 插件 Xhprof 不存在！
03:44:18 04/19/17 FILE=D:/phpStudy/WWW/2017/imbuilder_admin/install/index.php [info] 插件 Perm 不存在！
03:44:18 04/19/17 FILE=D:/phpStudy/WWW/2017/imbuilder_admin/install/index.php [info] 插件 Log 不存在！
03:44:18 04/19/17 FILE=D:/phpStudy/WWW/2017/imbuilder_admin/install/index.php [info] 插件 Xhprof 不存在！
03:44:20 04/19/17 FILE=D:/phpStudy/WWW/2017/imbuilder_admin/install/index.php [info] 插件 Perm 不存在！
03:44:20 04/19/17 FILE=D:/phpStudy/WWW/2017/imbuilder_admin/install/index.php [info] 插件 Log 不存在！
03:44:20 04/19/17 FILE=D:/phpStudy/WWW/2017/imbuilder_admin/install/index.php [info] 插件 Xhprof 不存在！
03:44:21 04/19/17 FILE=D:/phpStudy/WWW/2017/imbuilder_admin/install/index.php [info] 插件 Perm 不存在！
03:44:21 04/19/17 FILE=D:/phpStudy/WWW/2017/imbuilder_admin/install/index.php [info] 插件 Log 不存在！
03:44:21 04/19/17 FILE=D:/phpStudy/WWW/2017/imbuilder_admin/install/index.php [info] 插件 Xhprof 不存在！
03:44:43 04/19/17 FILE=D:/phpStudy/WWW/2017/imbuilder_admin/install/index.php [info] 插件 Perm 不存在！
03:44:43 04/19/17 FILE=D:/phpStudy/WWW/2017/imbuilder_admin/install/index.php [info] 插件 Log 不存在！
03:44:43 04/19/17 FILE=D:/phpStudy/WWW/2017/imbuilder_admin/install/index.php [info] 插件 Xhprof 不存在！
03:44:43 04/19/17 FILE=D:/phpStudy/WWW/2017/imbuilder_admin/install/index.php [info] 插件 Perm 不存在！
03:44:43 04/19/17 FILE=D:/phpStudy/WWW/2017/imbuilder_admin/install/index.php [info] 插件 Log 不存在！
03:44:43 04/19/17 FILE=D:/phpStudy/WWW/2017/imbuilder_admin/install/index.php [info] 插件 Xhprof 不存在！
03:44:43 04/19/17 FILE=D:/phpStudy/WWW/2017/imbuilder_admin/install/index.php [info] 插件 Perm 不存在！
03:44:43 04/19/17 FILE=D:/phpStudy/WWW/2017/imbuilder_admin/install/index.php [info] 插件 Log 不存在！
03:44:43 04/19/17 FILE=D:/phpStudy/WWW/2017/imbuilder_admin/install/index.php [info] 插件 Xhprof 不存在！
03:44:51 04/19/17 FILE=D:/phpStudy/WWW/2017/imbuilder_admin/install/index.php [info] 插件 Perm 不存在！
03:44:51 04/19/17 FILE=D:/phpStudy/WWW/2017/imbuilder_admin/install/index.php [info] 插件 Log 不存在！
03:44:51 04/19/17 FILE=D:/phpStudy/WWW/2017/imbuilder_admin/install/index.php [info] 插件 Xhprof 不存在！
03:44:51 04/19/17 FILE=D:/phpStudy/WWW/2017/imbuilder_admin/install/index.php [info] 插件 Perm 不存在！
03:44:51 04/19/17 FILE=D:/phpStudy/WWW/2017/imbuilder_admin/install/index.php [info] 插件 Log 不存在！
03:44:51 04/19/17 FILE=D:/phpStudy/WWW/2017/imbuilder_admin/install/index.php [info] 插件 Xhprof 不存在！
03:44:51 04/19/17 FILE=D:/phpStudy/WWW/2017/imbuilder_admin/install/index.php [info] 插件 Perm 不存在！
03:44:51 04/19/17 FILE=D:/phpStudy/WWW/2017/imbuilder_admin/install/index.php [info] 插件 Log 不存在！
03:44:51 04/19/17 FILE=D:/phpStudy/WWW/2017/imbuilder_admin/install/index.php [info] 插件 Xhprof 不存在！
03:46:01 04/19/17 FILE=D:/phpStudy/WWW/2017/imbuilder_admin/install/index.php [info] 插件 Perm 不存在！
03:46:01 04/19/17 FILE=D:/phpStudy/WWW/2017/imbuilder_admin/install/index.php [info] 插件 Log 不存在！
03:46:01 04/19/17 FILE=D:/phpStudy/WWW/2017/imbuilder_admin/install/index.php [info] 插件 Xhprof 不存在！
03:46:01 04/19/17 FILE=D:/phpStudy/WWW/2017/imbuilder_admin/install/index.php [info] 插件 Perm 不存在！
03:46:01 04/19/17 FILE=D:/phpStudy/WWW/2017/imbuilder_admin/install/index.php [info] 插件 Log 不存在！
03:46:01 04/19/17 FILE=D:/phpStudy/WWW/2017/imbuilder_admin/install/index.php [info] 插件 Xhprof 不存在！
03:46:01 04/19/17 FILE=D:/phpStudy/WWW/2017/imbuilder_admin/install/index.php [info] 插件 Perm 不存在！
03:46:01 04/19/17 FILE=D:/phpStudy/WWW/2017/imbuilder_admin/install/index.php [info] 插件 Log 不存在！
03:46:01 04/19/17 FILE=D:/phpStudy/WWW/2017/imbuilder_admin/install/index.php [info] 插件 Xhprof 不存在！
03:47:05 04/19/17 FILE=D:/phpStudy/WWW/2017/imbuilder_admin/install/index.php [info] 插件 Perm 不存在！
03:47:05 04/19/17 FILE=D:/phpStudy/WWW/2017/imbuilder_admin/install/index.php [info] 插件 Log 不存在！
03:47:05 04/19/17 FILE=D:/phpStudy/WWW/2017/imbuilder_admin/install/index.php [info] 插件 Xhprof 不存在！
03:47:13 04/19/17 FILE=D:/phpStudy/WWW/2017/imbuilder_admin/install/index.php [info] 插件 Perm 不存在！
03:47:13 04/19/17 FILE=D:/phpStudy/WWW/2017/imbuilder_admin/install/index.php [info] 插件 Log 不存在！
03:47:13 04/19/17 FILE=D:/phpStudy/WWW/2017/imbuilder_admin/install/index.php [info] 插件 Xhprof 不存在！
03:47:13 04/19/17 FILE=D:/phpStudy/WWW/2017/imbuilder_admin/install/index.php [info] 插件 Perm 不存在！
03:47:13 04/19/17 FILE=D:/phpStudy/WWW/2017/imbuilder_admin/install/index.php [info] 插件 Log 不存在！
03:47:13 04/19/17 FILE=D:/phpStudy/WWW/2017/imbuilder_admin/install/index.php [info] 插件 Xhprof 不存在！
03:47:13 04/19/17 FILE=D:/phpStudy/WWW/2017/imbuilder_admin/install/index.php [info] 插件 Perm 不存在！
03:47:13 04/19/17 FILE=D:/phpStudy/WWW/2017/imbuilder_admin/install/index.php [info] 插件 Log 不存在！
03:47:13 04/19/17 FILE=D:/phpStudy/WWW/2017/imbuilder_admin/install/index.php [info] 插件 Xhprof 不存在！
03:48:18 04/19/17 FILE=D:/phpStudy/WWW/2017/imbuilder_admin/install/index.php [info] 插件 Perm 不存在！
03:48:18 04/19/17 FILE=D:/phpStudy/WWW/2017/imbuilder_admin/install/index.php [info] 插件 Log 不存在！
03:48:18 04/19/17 FILE=D:/phpStudy/WWW/2017/imbuilder_admin/install/index.php [info] 插件 Xhprof 不存在！
03:48:18 04/19/17 FILE=D:/phpStudy/WWW/2017/imbuilder_admin/install/index.php [info] 插件 Perm 不存在！
03:48:18 04/19/17 FILE=D:/phpStudy/WWW/2017/imbuilder_admin/install/index.php [info] 插件 Log 不存在！
03:48:18 04/19/17 FILE=D:/phpStudy/WWW/2017/imbuilder_admin/install/index.php [info] 插件 Xhprof 不存在！
03:48:18 04/19/17 FILE=D:/phpStudy/WWW/2017/imbuilder_admin/install/index.php [info] 插件 Perm 不存在！
03:48:18 04/19/17 FILE=D:/phpStudy/WWW/2017/imbuilder_admin/install/index.php [info] 插件 Log 不存在！
03:48:18 04/19/17 FILE=D:/phpStudy/WWW/2017/imbuilder_admin/install/index.php [info] 插件 Xhprof 不存在！
03:48:36 04/19/17 FILE=D:/phpStudy/WWW/2017/imbuilder_admin/install/index.php [info] 插件 Perm 不存在！
03:48:36 04/19/17 FILE=D:/phpStudy/WWW/2017/imbuilder_admin/install/index.php [info] 插件 Log 不存在！
03:48:36 04/19/17 FILE=D:/phpStudy/WWW/2017/imbuilder_admin/install/index.php [info] 插件 Xhprof 不存在！
03:48:36 04/19/17 FILE=D:/phpStudy/WWW/2017/imbuilder_admin/install/index.php [info] 插件 Perm 不存在！
03:48:36 04/19/17 FILE=D:/phpStudy/WWW/2017/imbuilder_admin/install/index.php [info] 插件 Log 不存在！
03:48:36 04/19/17 FILE=D:/phpStudy/WWW/2017/imbuilder_admin/install/index.php [info] 插件 Xhprof 不存在！
03:48:36 04/19/17 FILE=D:/phpStudy/WWW/2017/imbuilder_admin/install/index.php [info] 插件 Perm 不存在！
03:48:36 04/19/17 FILE=D:/phpStudy/WWW/2017/imbuilder_admin/install/index.php [info] 插件 Log 不存在！
03:48:36 04/19/17 FILE=D:/phpStudy/WWW/2017/imbuilder_admin/install/index.php [info] 插件 Xhprof 不存在！
03:48:38 04/19/17 FILE=D:/phpStudy/WWW/2017/imbuilder_admin/install/index.php [info] 插件 Perm 不存在！
03:48:38 04/19/17 FILE=D:/phpStudy/WWW/2017/imbuilder_admin/install/index.php [info] 插件 Log 不存在！
03:48:38 04/19/17 FILE=D:/phpStudy/WWW/2017/imbuilder_admin/install/index.php [info] 插件 Xhprof 不存在！
03:48:38 04/19/17 FILE=D:/phpStudy/WWW/2017/imbuilder_admin/install/index.php [info] 插件 Perm 不存在！
03:48:38 04/19/17 FILE=D:/phpStudy/WWW/2017/imbuilder_admin/install/index.php [info] 插件 Log 不存在！
03:48:38 04/19/17 FILE=D:/phpStudy/WWW/2017/imbuilder_admin/install/index.php [info] 插件 Xhprof 不存在！
03:48:39 04/19/17 FILE=D:/phpStudy/WWW/2017/imbuilder_admin/install/index.php [info] 插件 Perm 不存在！
03:48:39 04/19/17 FILE=D:/phpStudy/WWW/2017/imbuilder_admin/install/index.php [info] 插件 Log 不存在！
03:48:39 04/19/17 FILE=D:/phpStudy/WWW/2017/imbuilder_admin/install/index.php [info] 插件 Xhprof 不存在！
03:48:39 04/19/17 FILE=D:/phpStudy/WWW/2017/imbuilder_admin/install/index.php [info] 插件 Perm 不存在！
03:48:39 04/19/17 FILE=D:/phpStudy/WWW/2017/imbuilder_admin/install/index.php [info] 插件 Log 不存在！
03:48:39 04/19/17 FILE=D:/phpStudy/WWW/2017/imbuilder_admin/install/index.php [info] 插件 Xhprof 不存在！
03:48:40 04/19/17 FILE=D:/phpStudy/WWW/2017/imbuilder_admin/install/index.php [info] 插件 Perm 不存在！
03:48:40 04/19/17 FILE=D:/phpStudy/WWW/2017/imbuilder_admin/install/index.php [info] 插件 Log 不存在！
03:48:40 04/19/17 FILE=D:/phpStudy/WWW/2017/imbuilder_admin/install/index.php [info] 插件 Xhprof 不存在！
03:48:40 04/19/17 FILE=D:/phpStudy/WWW/2017/imbuilder_admin/install/index.php [info] 插件 Perm 不存在！
03:48:40 04/19/17 FILE=D:/phpStudy/WWW/2017/imbuilder_admin/install/index.php [info] 插件 Log 不存在！
03:48:40 04/19/17 FILE=D:/phpStudy/WWW/2017/imbuilder_admin/install/index.php [info] 插件 Xhprof 不存在！
03:49:14 04/19/17 FILE=D:/phpStudy/WWW/2017/imbuilder_admin/install/index.php [info] 插件 Perm 不存在！
03:49:14 04/19/17 FILE=D:/phpStudy/WWW/2017/imbuilder_admin/install/index.php [info] 插件 Log 不存在！
03:49:14 04/19/17 FILE=D:/phpStudy/WWW/2017/imbuilder_admin/install/index.php [info] 插件 Xhprof 不存在！
03:49:14 04/19/17 FILE=D:/phpStudy/WWW/2017/imbuilder_admin/install/index.php [info] 插件 Perm 不存在！
03:49:14 04/19/17 FILE=D:/phpStudy/WWW/2017/imbuilder_admin/install/index.php [info] 插件 Log 不存在！
03:49:14 04/19/17 FILE=D:/phpStudy/WWW/2017/imbuilder_admin/install/index.php [info] 插件 Xhprof 不存在！
03:49:20 04/19/17 FILE=D:/phpStudy/WWW/2017/imbuilder_admin/install/index.php [info] 插件 Perm 不存在！
03:49:20 04/19/17 FILE=D:/phpStudy/WWW/2017/imbuilder_admin/install/index.php [info] 插件 Log 不存在！
03:49:20 04/19/17 FILE=D:/phpStudy/WWW/2017/imbuilder_admin/install/index.php [info] 插件 Xhprof 不存在！
03:49:20 04/19/17 FILE=D:/phpStudy/WWW/2017/imbuilder_admin/install/index.php [info] 插件 Perm 不存在！
03:49:20 04/19/17 FILE=D:/phpStudy/WWW/2017/imbuilder_admin/install/index.php [info] 插件 Log 不存在！
03:49:20 04/19/17 FILE=D:/phpStudy/WWW/2017/imbuilder_admin/install/index.php [info] 插件 Xhprof 不存在！
03:49:28 04/19/17 FILE=D:/phpStudy/WWW/2017/imbuilder_admin/install/index.php [info] 插件 Perm 不存在！
03:49:28 04/19/17 FILE=D:/phpStudy/WWW/2017/imbuilder_admin/install/index.php [info] 插件 Log 不存在！
03:49:28 04/19/17 FILE=D:/phpStudy/WWW/2017/imbuilder_admin/install/index.php [info] 插件 Xhprof 不存在！
03:49:28 04/19/17 FILE=D:/phpStudy/WWW/2017/imbuilder_admin/install/index.php [info] 插件 Perm 不存在！
03:49:28 04/19/17 FILE=D:/phpStudy/WWW/2017/imbuilder_admin/install/index.php [info] 插件 Log 不存在！
03:49:28 04/19/17 FILE=D:/phpStudy/WWW/2017/imbuilder_admin/install/index.php [info] 插件 Xhprof 不存在！
03:49:28 04/19/17 FILE=D:/phpStudy/WWW/2017/imbuilder_admin/install/index.php [info] 插件 Perm 不存在！
03:49:28 04/19/17 FILE=D:/phpStudy/WWW/2017/imbuilder_admin/install/index.php [info] 插件 Log 不存在！
03:49:28 04/19/17 FILE=D:/phpStudy/WWW/2017/imbuilder_admin/install/index.php [info] 插件 Xhprof 不存在！
03:50:05 04/19/17 FILE=D:/phpStudy/WWW/2017/imbuilder_admin/install/index.php [info] 插件 Perm 不存在！
03:50:05 04/19/17 FILE=D:/phpStudy/WWW/2017/imbuilder_admin/install/index.php [info] 插件 Log 不存在！
03:50:05 04/19/17 FILE=D:/phpStudy/WWW/2017/imbuilder_admin/install/index.php [info] 插件 Xhprof 不存在！
03:50:05 04/19/17 FILE=D:/phpStudy/WWW/2017/imbuilder_admin/install/index.php [info] 插件 Perm 不存在！
03:50:05 04/19/17 FILE=D:/phpStudy/WWW/2017/imbuilder_admin/install/index.php [info] 插件 Log 不存在！
03:50:05 04/19/17 FILE=D:/phpStudy/WWW/2017/imbuilder_admin/install/index.php [info] 插件 Xhprof 不存在！
03:50:33 04/19/17 FILE=D:/phpStudy/WWW/2017/imbuilder_admin/install/index.php [info] 插件 Perm 不存在！
03:50:33 04/19/17 FILE=D:/phpStudy/WWW/2017/imbuilder_admin/install/index.php [info] 插件 Log 不存在！
03:50:33 04/19/17 FILE=D:/phpStudy/WWW/2017/imbuilder_admin/install/index.php [info] 插件 Xhprof 不存在！
03:50:45 04/19/17 FILE=D:/phpStudy/WWW/2017/imbuilder_admin/install/index.php [info] 插件 Perm 不存在！
03:50:45 04/19/17 FILE=D:/phpStudy/WWW/2017/imbuilder_admin/install/index.php [info] 插件 Log 不存在！
03:50:45 04/19/17 FILE=D:/phpStudy/WWW/2017/imbuilder_admin/install/index.php [info] 插件 Xhprof 不存在！
03:50:54 04/19/17 FILE=D:/phpStudy/WWW/2017/imbuilder_admin/install/index.php [info] 插件 Perm 不存在！
03:50:54 04/19/17 FILE=D:/phpStudy/WWW/2017/imbuilder_admin/install/index.php [info] 插件 Log 不存在！
03:50:54 04/19/17 FILE=D:/phpStudy/WWW/2017/imbuilder_admin/install/index.php [info] 插件 Xhprof 不存在！
03:51:05 04/19/17 FILE=D:/phpStudy/WWW/2017/imbuilder_admin/install/index.php [info] 插件 Perm 不存在！
03:51:05 04/19/17 FILE=D:/phpStudy/WWW/2017/imbuilder_admin/install/index.php [info] 插件 Log 不存在！
03:51:05 04/19/17 FILE=D:/phpStudy/WWW/2017/imbuilder_admin/install/index.php [info] 插件 Xhprof 不存在！
03:51:14 04/19/17 FILE=D:/phpStudy/WWW/2017/imbuilder_admin/install/index.php [info] 插件 Perm 不存在！
03:51:14 04/19/17 FILE=D:/phpStudy/WWW/2017/imbuilder_admin/install/index.php [info] 插件 Log 不存在！
03:51:14 04/19/17 FILE=D:/phpStudy/WWW/2017/imbuilder_admin/install/index.php [info] 插件 Xhprof 不存在！
03:51:49 04/19/17 FILE=D:/phpStudy/WWW/2017/imbuilder_admin/install/index.php [info] 插件 Perm 不存在！
03:51:49 04/19/17 FILE=D:/phpStudy/WWW/2017/imbuilder_admin/install/index.php [info] 插件 Log 不存在！
03:51:49 04/19/17 FILE=D:/phpStudy/WWW/2017/imbuilder_admin/install/index.php [info] 插件 Xhprof 不存在！
03:52:16 04/19/17 FILE=D:/phpStudy/WWW/2017/imbuilder_admin/install/index.php [info] 插件 Perm 不存在！
03:52:16 04/19/17 FILE=D:/phpStudy/WWW/2017/imbuilder_admin/install/index.php [info] 插件 Log 不存在！
03:52:16 04/19/17 FILE=D:/phpStudy/WWW/2017/imbuilder_admin/install/index.php [info] 插件 Xhprof 不存在！
03:52:54 04/19/17 FILE=D:/phpStudy/WWW/2017/imbuilder_admin/install/index.php [info] 插件 Perm 不存在！
03:52:54 04/19/17 FILE=D:/phpStudy/WWW/2017/imbuilder_admin/install/index.php [info] 插件 Log 不存在！
03:52:54 04/19/17 FILE=D:/phpStudy/WWW/2017/imbuilder_admin/install/index.php [info] 插件 Xhprof 不存在！
03:55:30 04/19/17 FILE=D:/phpStudy/WWW/2017/imbuilder_admin/install/index.php [info] 插件 Perm 不存在！
03:55:30 04/19/17 FILE=D:/phpStudy/WWW/2017/imbuilder_admin/install/index.php [info] 插件 Log 不存在！
03:55:30 04/19/17 FILE=D:/phpStudy/WWW/2017/imbuilder_admin/install/index.php [info] 插件 Xhprof 不存在！
03:55:35 04/19/17 FILE=D:/phpStudy/WWW/2017/imbuilder_admin/install/index.php [info] 插件 Perm 不存在！
03:55:35 04/19/17 FILE=D:/phpStudy/WWW/2017/imbuilder_admin/install/index.php [info] 插件 Log 不存在！
03:55:35 04/19/17 FILE=D:/phpStudy/WWW/2017/imbuilder_admin/install/index.php [info] 插件 Xhprof 不存在！
03:55:35 04/19/17 FILE=D:/phpStudy/WWW/2017/imbuilder_admin/install/index.php [info] 插件 Perm 不存在！
03:55:35 04/19/17 FILE=D:/phpStudy/WWW/2017/imbuilder_admin/install/index.php [info] 插件 Log 不存在！
03:55:35 04/19/17 FILE=D:/phpStudy/WWW/2017/imbuilder_admin/install/index.php [info] 插件 Xhprof 不存在！
03:55:38 04/19/17 FILE=D:/phpStudy/WWW/2017/imbuilder_admin/install/index.php [info] 插件 Perm 不存在！
03:55:38 04/19/17 FILE=D:/phpStudy/WWW/2017/imbuilder_admin/install/index.php [info] 插件 Log 不存在！
03:55:38 04/19/17 FILE=D:/phpStudy/WWW/2017/imbuilder_admin/install/index.php [info] 插件 Xhprof 不存在！
03:55:39 04/19/17 FILE=D:/phpStudy/WWW/2017/imbuilder_admin/install/index.php [info] 插件 Perm 不存在！
03:55:39 04/19/17 FILE=D:/phpStudy/WWW/2017/imbuilder_admin/install/index.php [info] 插件 Log 不存在！
03:55:39 04/19/17 FILE=D:/phpStudy/WWW/2017/imbuilder_admin/install/index.php [info] 插件 Xhprof 不存在！
03:55:47 04/19/17 FILE=D:/phpStudy/WWW/2017/imbuilder_admin/install/index.php [info] 插件 Perm 不存在！
03:55:47 04/19/17 FILE=D:/phpStudy/WWW/2017/imbuilder_admin/install/index.php [info] 插件 Log 不存在！
03:55:47 04/19/17 FILE=D:/phpStudy/WWW/2017/imbuilder_admin/install/index.php [info] 插件 Xhprof 不存在！
03:55:47 04/19/17 FILE=D:/phpStudy/WWW/2017/imbuilder_admin/install/index.php [info] 插件 Perm 不存在！
03:55:47 04/19/17 FILE=D:/phpStudy/WWW/2017/imbuilder_admin/install/index.php [info] 插件 Log 不存在！
03:55:47 04/19/17 FILE=D:/phpStudy/WWW/2017/imbuilder_admin/install/index.php [info] 插件 Xhprof 不存在！
03:55:47 04/19/17 FILE=D:/phpStudy/WWW/2017/imbuilder_admin/install/index.php [info] 插件 Perm 不存在！
03:55:47 04/19/17 FILE=D:/phpStudy/WWW/2017/imbuilder_admin/install/index.php [info] 插件 Log 不存在！
03:55:47 04/19/17 FILE=D:/phpStudy/WWW/2017/imbuilder_admin/install/index.php [info] 插件 Xhprof 不存在！
03:56:09 04/19/17 FILE=D:/phpStudy/WWW/2017/imbuilder_admin/install/index.php [info] 插件 Perm 不存在！
03:56:09 04/19/17 FILE=D:/phpStudy/WWW/2017/imbuilder_admin/install/index.php [info] 插件 Log 不存在！
03:56:09 04/19/17 FILE=D:/phpStudy/WWW/2017/imbuilder_admin/install/index.php [info] 插件 Xhprof 不存在！
