11:49:49 05/27/17 FILE=D:/phpStudy/WWW/svn/ucenter/index.php [debug] SELECT SQL_CALC_FOUND_ROWS * FROM ucenter_base_app WHERE 1   AND app_id=103 LIMIT 500 
11:49:49 05/27/17 FILE=D:/phpStudy/WWW/svn/ucenter/index.php [debug] SELECT SQL_CALC_FOUND_ROWS * FROM ucenter_user_info WHERE 1   AND user_name="admin" LIMIT 500 
11:49:58 05/27/17 FILE=D:/phpStudy/WWW/svn/ucenter/index.php [debug] SELECT SQL_CALC_FOUND_ROWS * FROM ucenter_user_info WHERE 1   AND user_name="admin" LIMIT 500 
11:49:58 05/27/17 FILE=D:/phpStudy/WWW/svn/ucenter/index.php [debug] SELECT SQL_CALC_FOUND_ROWS * FROM ucenter_user_info_detail WHERE 1   AND user_name="admin" LIMIT 500 
11:49:58 05/27/17 FILE=D:/phpStudy/WWW/svn/ucenter/index.php [debug] SELECT SQL_CALC_FOUND_ROWS * FROM ucenter_base_app WHERE 1   LIMIT 500 
11:49:58 05/27/17 FILE=D:/phpStudy/WWW/svn/ucenter/index.php [debug] SELECT SQL_CALC_FOUND_ROWS * FROM ucenter_user_info WHERE 1   AND user_id=10001 LIMIT 500 
11:49:58 05/27/17 FILE=D:/phpStudy/WWW/svn/ucenter/index.php [debug] SELECT SQL_CALC_FOUND_ROWS * FROM ucenter_user_info_detail WHERE 1   AND user_name="admin" LIMIT 500 
11:49:58 05/27/17 FILE=D:/phpStudy/WWW/svn/ucenter/index.php [debug] SELECT SQL_CALC_FOUND_ROWS * FROM ucenter_web_config WHERE 1   AND config_key="user_default_avatar" LIMIT 500 
11:51:19 05/27/17 FILE=D:/phpStudy/WWW/svn/ucenter/index.php [debug] SELECT SQL_CALC_FOUND_ROWS * FROM ucenter_base_app WHERE 1   AND app_id=103 LIMIT 500 
11:51:19 05/27/17 FILE=D:/phpStudy/WWW/svn/ucenter/index.php [debug] SELECT SQL_CALC_FOUND_ROWS * FROM ucenter_user_info WHERE 1   AND user_name="admin" LIMIT 500 
11:51:23 05/27/17 FILE=D:/phpStudy/WWW/svn/ucenter/index.php [debug] SELECT SQL_CALC_FOUND_ROWS * FROM ucenter_user_info WHERE 1   AND user_name="admin" LIMIT 500 
11:51:23 05/27/17 FILE=D:/phpStudy/WWW/svn/ucenter/index.php [debug] SELECT SQL_CALC_FOUND_ROWS * FROM ucenter_user_info_detail WHERE 1   AND user_name="admin" LIMIT 500 
11:51:24 05/27/17 FILE=D:/phpStudy/WWW/svn/ucenter/index.php [debug] SELECT SQL_CALC_FOUND_ROWS * FROM ucenter_user_info WHERE 1   AND user_id=10001 LIMIT 500 
11:51:24 05/27/17 FILE=D:/phpStudy/WWW/svn/ucenter/index.php [debug] SELECT SQL_CALC_FOUND_ROWS * FROM ucenter_user_info_detail WHERE 1   AND user_name="admin" LIMIT 500 
11:51:24 05/27/17 FILE=D:/phpStudy/WWW/svn/ucenter/index.php [debug] SELECT SQL_CALC_FOUND_ROWS * FROM ucenter_web_config WHERE 1   AND config_key="user_default_avatar" LIMIT 500 
11:54:14 05/27/17 FILE=D:/phpStudy/WWW/svn/ucenter/index.php [debug] SELECT SQL_CALC_FOUND_ROWS * FROM ucenter_base_app WHERE 1   AND app_id=103 LIMIT 500 
11:54:14 05/27/17 FILE=D:/phpStudy/WWW/svn/ucenter/index.php [debug] SELECT SQL_CALC_FOUND_ROWS * FROM ucenter_user_info WHERE 1   AND user_name="admin" LIMIT 500 
11:54:19 05/27/17 FILE=D:/phpStudy/WWW/svn/ucenter/index.php [debug] SELECT SQL_CALC_FOUND_ROWS * FROM ucenter_user_info WHERE 1   AND user_name="admin" LIMIT 500 
11:54:19 05/27/17 FILE=D:/phpStudy/WWW/svn/ucenter/index.php [debug] SELECT SQL_CALC_FOUND_ROWS * FROM ucenter_user_info_detail WHERE 1   AND user_name="admin" LIMIT 500 
11:54:19 05/27/17 FILE=D:/phpStudy/WWW/svn/ucenter/index.php [debug] SELECT SQL_CALC_FOUND_ROWS * FROM ucenter_user_info WHERE 1   AND user_id=10001 LIMIT 500 
11:54:19 05/27/17 FILE=D:/phpStudy/WWW/svn/ucenter/index.php [debug] SELECT SQL_CALC_FOUND_ROWS * FROM ucenter_user_info_detail WHERE 1   AND user_name="admin" LIMIT 500 
11:54:19 05/27/17 FILE=D:/phpStudy/WWW/svn/ucenter/index.php [debug] SELECT SQL_CALC_FOUND_ROWS * FROM ucenter_web_config WHERE 1   AND config_key="user_default_avatar" LIMIT 500 
17:06:12 05/18/18 FILE=D:/PHPSTUDY/WWW/shoplocal/ucenter/index.php [debug] SELECT SQL_CALC_FOUND_ROWS * FROM ucenter_web_config WHERE 1   AND config_key="user_default_avatar" LIMIT 500 
17:06:41 05/18/18 FILE=D:/PHPSTUDY/WWW/shoplocal/ucenter/index.php [debug] SELECT SQL_CALC_FOUND_ROWS * FROM ucenter_web_config WHERE 1   AND config_key="site_logo" LIMIT 500 
17:06:41 05/18/18 FILE=D:/PHPSTUDY/WWW/shoplocal/ucenter/index.php [debug] SELECT SQL_CALC_FOUND_ROWS * FROM ucenter_base_app WHERE 1   AND app_id=102 LIMIT 500 
17:06:41 05/18/18 FILE=D:/PHPSTUDY/WWW/shoplocal/ucenter/index.php [debug] SELECT  SQL_CALC_FOUND_ROWS config_key FROM ucenter_web_config WHERE 1   AND config_type="register" LIMIT 500 
17:06:41 05/18/18 FILE=D:/PHPSTUDY/WWW/shoplocal/ucenter/index.php [debug] SELECT SQL_CALC_FOUND_ROWS * FROM ucenter_web_config WHERE 1   AND config_key IN ("reg_checkcode","reg_lowercase","reg_number","reg_protocol","reg_pwdlength","reg_symbols","reg_uppercase") LIMIT 500 
17:06:41 05/18/18 FILE=D:/PHPSTUDY/WWW/shoplocal/ucenter/index.php [debug] SELECT SQL_CALC_FOUND_ROWS * FROM ucenter_web_config WHERE 1   AND config_key="login_backcolor" LIMIT 500 
17:06:41 05/18/18 FILE=D:/PHPSTUDY/WWW/shoplocal/ucenter/index.php [debug] SELECT SQL_CALC_FOUND_ROWS * FROM ucenter_web_config WHERE 1   AND config_key="login_logo" LIMIT 500 
17:06:41 05/18/18 FILE=D:/PHPSTUDY/WWW/shoplocal/ucenter/index.php [debug] SELECT SQL_CALC_FOUND_ROWS * FROM ucenter_web_config WHERE 1   AND config_key="copyright" LIMIT 500 
17:06:41 05/18/18 FILE=D:/PHPSTUDY/WWW/shoplocal/ucenter/index.php [debug] SELECT SQL_CALC_FOUND_ROWS * FROM ucenter_web_config WHERE 1   AND config_key="icp_number" LIMIT 500 
17:06:41 05/18/18 FILE=D:/PHPSTUDY/WWW/shoplocal/ucenter/index.php [debug] SELECT SQL_CALC_FOUND_ROWS * FROM ucenter_web_config WHERE 1   AND config_key="statistics_code" LIMIT 500 
17:06:41 05/18/18 FILE=D:/PHPSTUDY/WWW/shoplocal/ucenter/index.php [debug] SELECT SQL_CALC_FOUND_ROWS * FROM ucenter_web_config WHERE 1   AND config_key="site_logo" LIMIT 500 
17:06:42 05/18/18 FILE=D:/PHPSTUDY/WWW/shoplocal/ucenter/index.php [debug] SELECT SQL_CALC_FOUND_ROWS * FROM ucenter_base_app WHERE 1   AND app_id=102 LIMIT 500 
17:06:42 05/18/18 FILE=D:/PHPSTUDY/WWW/shoplocal/ucenter/index.php [debug] SELECT  SQL_CALC_FOUND_ROWS config_key FROM ucenter_web_config WHERE 1   AND config_type="register" LIMIT 500 
17:06:42 05/18/18 FILE=D:/PHPSTUDY/WWW/shoplocal/ucenter/index.php [debug] SELECT SQL_CALC_FOUND_ROWS * FROM ucenter_web_config WHERE 1   AND config_key IN ("reg_checkcode","reg_lowercase","reg_number","reg_protocol","reg_pwdlength","reg_symbols","reg_uppercase") LIMIT 500 
17:06:42 05/18/18 FILE=D:/PHPSTUDY/WWW/shoplocal/ucenter/index.php [debug] SELECT SQL_CALC_FOUND_ROWS * FROM ucenter_web_config WHERE 1   AND config_key="login_backcolor" LIMIT 500 
17:06:42 05/18/18 FILE=D:/PHPSTUDY/WWW/shoplocal/ucenter/index.php [debug] SELECT SQL_CALC_FOUND_ROWS * FROM ucenter_web_config WHERE 1   AND config_key="login_logo" LIMIT 500 
17:06:42 05/18/18 FILE=D:/PHPSTUDY/WWW/shoplocal/ucenter/index.php [debug] SELECT SQL_CALC_FOUND_ROWS * FROM ucenter_web_config WHERE 1   AND config_key="copyright" LIMIT 500 
17:06:42 05/18/18 FILE=D:/PHPSTUDY/WWW/shoplocal/ucenter/index.php [debug] SELECT SQL_CALC_FOUND_ROWS * FROM ucenter_web_config WHERE 1   AND config_key="icp_number" LIMIT 500 
17:06:42 05/18/18 FILE=D:/PHPSTUDY/WWW/shoplocal/ucenter/index.php [debug] SELECT SQL_CALC_FOUND_ROWS * FROM ucenter_web_config WHERE 1   AND config_key="statistics_code" LIMIT 500 
17:06:42 05/18/18 FILE=D:/PHPSTUDY/WWW/shoplocal/ucenter/index.php [debug] SELECT SQL_CALC_FOUND_ROWS * FROM ucenter_web_config WHERE 1   AND config_key="site_logo" LIMIT 500 
17:06:42 05/18/18 FILE=D:/PHPSTUDY/WWW/shoplocal/ucenter/index.php [debug] SELECT SQL_CALC_FOUND_ROWS * FROM ucenter_base_app WHERE 1   AND app_id=102 LIMIT 500 
17:06:42 05/18/18 FILE=D:/PHPSTUDY/WWW/shoplocal/ucenter/index.php [debug] SELECT  SQL_CALC_FOUND_ROWS config_key FROM ucenter_web_config WHERE 1   AND config_type="register" LIMIT 500 
17:06:42 05/18/18 FILE=D:/PHPSTUDY/WWW/shoplocal/ucenter/index.php [debug] SELECT SQL_CALC_FOUND_ROWS * FROM ucenter_web_config WHERE 1   AND config_key IN ("reg_checkcode","reg_lowercase","reg_number","reg_protocol","reg_pwdlength","reg_symbols","reg_uppercase") LIMIT 500 
17:06:42 05/18/18 FILE=D:/PHPSTUDY/WWW/shoplocal/ucenter/index.php [debug] SELECT SQL_CALC_FOUND_ROWS * FROM ucenter_web_config WHERE 1   AND config_key="login_backcolor" LIMIT 500 
17:06:42 05/18/18 FILE=D:/PHPSTUDY/WWW/shoplocal/ucenter/index.php [debug] SELECT SQL_CALC_FOUND_ROWS * FROM ucenter_web_config WHERE 1   AND config_key="login_logo" LIMIT 500 
17:06:42 05/18/18 FILE=D:/PHPSTUDY/WWW/shoplocal/ucenter/index.php [debug] SELECT SQL_CALC_FOUND_ROWS * FROM ucenter_web_config WHERE 1   AND config_key="copyright" LIMIT 500 
17:06:42 05/18/18 FILE=D:/PHPSTUDY/WWW/shoplocal/ucenter/index.php [debug] SELECT SQL_CALC_FOUND_ROWS * FROM ucenter_web_config WHERE 1   AND config_key="icp_number" LIMIT 500 
17:06:42 05/18/18 FILE=D:/PHPSTUDY/WWW/shoplocal/ucenter/index.php [debug] SELECT SQL_CALC_FOUND_ROWS * FROM ucenter_web_config WHERE 1   AND config_key="statistics_code" LIMIT 500 
17:12:20 05/18/18 FILE=D:/PHPSTUDY/WWW/shoplocal/ucenter/index.php [debug] SELECT SQL_CALC_FOUND_ROWS * FROM ucenter_web_config WHERE 1   AND config_key="user_default_avatar" LIMIT 500 
17:12:21 05/18/18 FILE=D:/PHPSTUDY/WWW/shoplocal/ucenter/index.php [debug] SELECT SQL_CALC_FOUND_ROWS * FROM ucenter_web_config WHERE 1   AND config_key="site_logo" LIMIT 500 
17:12:21 05/18/18 FILE=D:/PHPSTUDY/WWW/shoplocal/ucenter/index.php [debug] SELECT SQL_CALC_FOUND_ROWS * FROM ucenter_base_app WHERE 1   AND app_id=102 LIMIT 500 
17:12:21 05/18/18 FILE=D:/PHPSTUDY/WWW/shoplocal/ucenter/index.php [debug] SELECT  SQL_CALC_FOUND_ROWS config_key FROM ucenter_web_config WHERE 1   AND config_type="register" LIMIT 500 
17:12:21 05/18/18 FILE=D:/PHPSTUDY/WWW/shoplocal/ucenter/index.php [debug] SELECT SQL_CALC_FOUND_ROWS * FROM ucenter_web_config WHERE 1   AND config_key IN ("reg_checkcode","reg_lowercase","reg_number","reg_protocol","reg_pwdlength","reg_symbols","reg_uppercase") LIMIT 500 
17:12:21 05/18/18 FILE=D:/PHPSTUDY/WWW/shoplocal/ucenter/index.php [debug] SELECT SQL_CALC_FOUND_ROWS * FROM ucenter_web_config WHERE 1   AND config_key="login_backcolor" LIMIT 500 
17:12:21 05/18/18 FILE=D:/PHPSTUDY/WWW/shoplocal/ucenter/index.php [debug] SELECT SQL_CALC_FOUND_ROWS * FROM ucenter_web_config WHERE 1   AND config_key="login_logo" LIMIT 500 
17:12:21 05/18/18 FILE=D:/PHPSTUDY/WWW/shoplocal/ucenter/index.php [debug] SELECT SQL_CALC_FOUND_ROWS * FROM ucenter_web_config WHERE 1   AND config_key="copyright" LIMIT 500 
17:12:21 05/18/18 FILE=D:/PHPSTUDY/WWW/shoplocal/ucenter/index.php [debug] SELECT SQL_CALC_FOUND_ROWS * FROM ucenter_web_config WHERE 1   AND config_key="icp_number" LIMIT 500 
17:12:21 05/18/18 FILE=D:/PHPSTUDY/WWW/shoplocal/ucenter/index.php [debug] SELECT SQL_CALC_FOUND_ROWS * FROM ucenter_web_config WHERE 1   AND config_key="statistics_code" LIMIT 500 
17:12:21 05/18/18 FILE=D:/PHPSTUDY/WWW/shoplocal/ucenter/index.php [debug] SELECT SQL_CALC_FOUND_ROWS * FROM ucenter_web_config WHERE 1   AND config_key="site_logo" LIMIT 500 
17:12:21 05/18/18 FILE=D:/PHPSTUDY/WWW/shoplocal/ucenter/index.php [debug] SELECT SQL_CALC_FOUND_ROWS * FROM ucenter_base_app WHERE 1   AND app_id=102 LIMIT 500 
17:12:21 05/18/18 FILE=D:/PHPSTUDY/WWW/shoplocal/ucenter/index.php [debug] SELECT  SQL_CALC_FOUND_ROWS config_key FROM ucenter_web_config WHERE 1   AND config_type="register" LIMIT 500 
17:12:21 05/18/18 FILE=D:/PHPSTUDY/WWW/shoplocal/ucenter/index.php [debug] SELECT SQL_CALC_FOUND_ROWS * FROM ucenter_web_config WHERE 1   AND config_key IN ("reg_checkcode","reg_lowercase","reg_number","reg_protocol","reg_pwdlength","reg_symbols","reg_uppercase") LIMIT 500 
17:12:21 05/18/18 FILE=D:/PHPSTUDY/WWW/shoplocal/ucenter/index.php [debug] SELECT SQL_CALC_FOUND_ROWS * FROM ucenter_web_config WHERE 1   AND config_key="login_backcolor" LIMIT 500 
17:12:21 05/18/18 FILE=D:/PHPSTUDY/WWW/shoplocal/ucenter/index.php [debug] SELECT SQL_CALC_FOUND_ROWS * FROM ucenter_web_config WHERE 1   AND config_key="login_logo" LIMIT 500 
17:12:21 05/18/18 FILE=D:/PHPSTUDY/WWW/shoplocal/ucenter/index.php [debug] SELECT SQL_CALC_FOUND_ROWS * FROM ucenter_web_config WHERE 1   AND config_key="copyright" LIMIT 500 
17:12:21 05/18/18 FILE=D:/PHPSTUDY/WWW/shoplocal/ucenter/index.php [debug] SELECT SQL_CALC_FOUND_ROWS * FROM ucenter_web_config WHERE 1   AND config_key="icp_number" LIMIT 500 
17:12:21 05/18/18 FILE=D:/PHPSTUDY/WWW/shoplocal/ucenter/index.php [debug] SELECT SQL_CALC_FOUND_ROWS * FROM ucenter_web_config WHERE 1   AND config_key="statistics_code" LIMIT 500 
17:12:22 05/18/18 FILE=D:/PHPSTUDY/WWW/shoplocal/ucenter/index.php [debug] SELECT SQL_CALC_FOUND_ROWS * FROM ucenter_web_config WHERE 1   AND config_key="site_logo" LIMIT 500 
17:12:22 05/18/18 FILE=D:/PHPSTUDY/WWW/shoplocal/ucenter/index.php [debug] SELECT SQL_CALC_FOUND_ROWS * FROM ucenter_base_app WHERE 1   AND app_id=102 LIMIT 500 
17:12:22 05/18/18 FILE=D:/PHPSTUDY/WWW/shoplocal/ucenter/index.php [debug] SELECT  SQL_CALC_FOUND_ROWS config_key FROM ucenter_web_config WHERE 1   AND config_type="register" LIMIT 500 
17:12:22 05/18/18 FILE=D:/PHPSTUDY/WWW/shoplocal/ucenter/index.php [debug] SELECT SQL_CALC_FOUND_ROWS * FROM ucenter_web_config WHERE 1   AND config_key IN ("reg_checkcode","reg_lowercase","reg_number","reg_protocol","reg_pwdlength","reg_symbols","reg_uppercase") LIMIT 500 
17:12:22 05/18/18 FILE=D:/PHPSTUDY/WWW/shoplocal/ucenter/index.php [debug] SELECT SQL_CALC_FOUND_ROWS * FROM ucenter_web_config WHERE 1   AND config_key="login_backcolor" LIMIT 500 
17:12:22 05/18/18 FILE=D:/PHPSTUDY/WWW/shoplocal/ucenter/index.php [debug] SELECT SQL_CALC_FOUND_ROWS * FROM ucenter_web_config WHERE 1   AND config_key="login_logo" LIMIT 500 
17:12:22 05/18/18 FILE=D:/PHPSTUDY/WWW/shoplocal/ucenter/index.php [debug] SELECT SQL_CALC_FOUND_ROWS * FROM ucenter_web_config WHERE 1   AND config_key="copyright" LIMIT 500 
17:12:22 05/18/18 FILE=D:/PHPSTUDY/WWW/shoplocal/ucenter/index.php [debug] SELECT SQL_CALC_FOUND_ROWS * FROM ucenter_web_config WHERE 1   AND config_key="icp_number" LIMIT 500 
17:12:22 05/18/18 FILE=D:/PHPSTUDY/WWW/shoplocal/ucenter/index.php [debug] SELECT SQL_CALC_FOUND_ROWS * FROM ucenter_web_config WHERE 1   AND config_key="statistics_code" LIMIT 500 
17:12:24 05/18/18 FILE=D:/PHPSTUDY/WWW/shoplocal/ucenter/index.php [debug] SELECT SQL_CALC_FOUND_ROWS * FROM ucenter_user_info WHERE 1   AND user_name="as" LIMIT 500 
17:12:36 05/18/18 FILE=D:/PHPSTUDY/WWW/shoplocal/ucenter/index.php [debug] SELECT SQL_CALC_FOUND_ROWS * FROM ucenter_user_info WHERE 1   AND user_name="qs1" LIMIT 500 
17:18:32 05/18/18 FILE=D:/PHPSTUDY/WWW/shoplocal/ucenter/index.php [debug] SELECT SQL_CALC_FOUND_ROWS * FROM ucenter_web_config WHERE 1   AND config_key="user_default_avatar" LIMIT 500 
17:24:13 05/18/18 FILE=D:/PHPSTUDY/WWW/shoplocal/ucenter/index.php [debug] SELECT SQL_CALC_FOUND_ROWS * FROM ucenter_web_config WHERE 1   AND config_key="site_logo" LIMIT 500 
17:24:13 05/18/18 FILE=D:/PHPSTUDY/WWW/shoplocal/ucenter/index.php [debug] SELECT SQL_CALC_FOUND_ROWS * FROM ucenter_base_app WHERE 1   AND app_id=102 LIMIT 500 
17:24:13 05/18/18 FILE=D:/PHPSTUDY/WWW/shoplocal/ucenter/index.php [debug] SELECT  SQL_CALC_FOUND_ROWS config_key FROM ucenter_web_config WHERE 1   AND config_type="register" LIMIT 500 
17:24:13 05/18/18 FILE=D:/PHPSTUDY/WWW/shoplocal/ucenter/index.php [debug] SELECT SQL_CALC_FOUND_ROWS * FROM ucenter_web_config WHERE 1   AND config_key IN ("reg_checkcode","reg_lowercase","reg_number","reg_protocol","reg_pwdlength","reg_symbols","reg_uppercase") LIMIT 500 
17:24:13 05/18/18 FILE=D:/PHPSTUDY/WWW/shoplocal/ucenter/index.php [debug] SELECT SQL_CALC_FOUND_ROWS * FROM ucenter_web_config WHERE 1   AND config_key="login_backcolor" LIMIT 500 
17:24:13 05/18/18 FILE=D:/PHPSTUDY/WWW/shoplocal/ucenter/index.php [debug] SELECT SQL_CALC_FOUND_ROWS * FROM ucenter_web_config WHERE 1   AND config_key="login_logo" LIMIT 500 
17:24:13 05/18/18 FILE=D:/PHPSTUDY/WWW/shoplocal/ucenter/index.php [debug] SELECT SQL_CALC_FOUND_ROWS * FROM ucenter_web_config WHERE 1   AND config_key="copyright" LIMIT 500 
17:24:13 05/18/18 FILE=D:/PHPSTUDY/WWW/shoplocal/ucenter/index.php [debug] SELECT SQL_CALC_FOUND_ROWS * FROM ucenter_web_config WHERE 1   AND config_key="icp_number" LIMIT 500 
17:24:13 05/18/18 FILE=D:/PHPSTUDY/WWW/shoplocal/ucenter/index.php [debug] SELECT SQL_CALC_FOUND_ROWS * FROM ucenter_web_config WHERE 1   AND config_key="statistics_code" LIMIT 500 
17:24:13 05/18/18 FILE=D:/PHPSTUDY/WWW/shoplocal/ucenter/index.php [debug] SELECT SQL_CALC_FOUND_ROWS * FROM ucenter_web_config WHERE 1   AND config_key="site_logo" LIMIT 500 
17:24:13 05/18/18 FILE=D:/PHPSTUDY/WWW/shoplocal/ucenter/index.php [debug] SELECT SQL_CALC_FOUND_ROWS * FROM ucenter_base_app WHERE 1   AND app_id=102 LIMIT 500 
17:24:13 05/18/18 FILE=D:/PHPSTUDY/WWW/shoplocal/ucenter/index.php [debug] SELECT  SQL_CALC_FOUND_ROWS config_key FROM ucenter_web_config WHERE 1   AND config_type="register" LIMIT 500 
17:24:13 05/18/18 FILE=D:/PHPSTUDY/WWW/shoplocal/ucenter/index.php [debug] SELECT SQL_CALC_FOUND_ROWS * FROM ucenter_web_config WHERE 1   AND config_key IN ("reg_checkcode","reg_lowercase","reg_number","reg_protocol","reg_pwdlength","reg_symbols","reg_uppercase") LIMIT 500 
17:24:13 05/18/18 FILE=D:/PHPSTUDY/WWW/shoplocal/ucenter/index.php [debug] SELECT SQL_CALC_FOUND_ROWS * FROM ucenter_web_config WHERE 1   AND config_key="login_backcolor" LIMIT 500 
17:24:13 05/18/18 FILE=D:/PHPSTUDY/WWW/shoplocal/ucenter/index.php [debug] SELECT SQL_CALC_FOUND_ROWS * FROM ucenter_web_config WHERE 1   AND config_key="login_logo" LIMIT 500 
17:24:13 05/18/18 FILE=D:/PHPSTUDY/WWW/shoplocal/ucenter/index.php [debug] SELECT SQL_CALC_FOUND_ROWS * FROM ucenter_web_config WHERE 1   AND config_key="copyright" LIMIT 500 
17:24:13 05/18/18 FILE=D:/PHPSTUDY/WWW/shoplocal/ucenter/index.php [debug] SELECT SQL_CALC_FOUND_ROWS * FROM ucenter_web_config WHERE 1   AND config_key="icp_number" LIMIT 500 
17:24:13 05/18/18 FILE=D:/PHPSTUDY/WWW/shoplocal/ucenter/index.php [debug] SELECT SQL_CALC_FOUND_ROWS * FROM ucenter_web_config WHERE 1   AND config_key="statistics_code" LIMIT 500 
17:24:15 05/18/18 FILE=D:/PHPSTUDY/WWW/shoplocal/ucenter/index.php [debug] SELECT SQL_CALC_FOUND_ROWS * FROM ucenter_user_info WHERE 1   AND user_name="qs" LIMIT 500 
17:24:18 05/18/18 FILE=D:/PHPSTUDY/WWW/shoplocal/ucenter/index.php [debug] SELECT SQL_CALC_FOUND_ROWS * FROM ucenter_user_info WHERE 1   AND user_name="qs1" LIMIT 500 
17:24:18 05/18/18 FILE=D:/PHPSTUDY/WWW/shoplocal/ucenter/index.php [debug] SELECT SQL_CALC_FOUND_ROWS * FROM ucenter_user_info_detail WHERE 1   AND user_name="qs1" LIMIT 500 
17:24:23 05/18/18 FILE=D:/PHPSTUDY/WWW/shoplocal/ucenter/index.php [debug] SELECT SQL_CALC_FOUND_ROWS * FROM ucenter_user_info WHERE 1   AND user_id=10026 LIMIT 500 
17:24:23 05/18/18 FILE=D:/PHPSTUDY/WWW/shoplocal/ucenter/index.php [debug] SELECT SQL_CALC_FOUND_ROWS * FROM ucenter_user_info WHERE 1   AND user_id=10026 LIMIT 500 
17:24:23 05/18/18 FILE=D:/PHPSTUDY/WWW/shoplocal/ucenter/index.php [debug] SELECT SQL_CALC_FOUND_ROWS * FROM ucenter_user_info_detail WHERE 1   AND user_name="qs1" LIMIT 500 
17:24:25 05/18/18 FILE=D:/PHPSTUDY/WWW/shoplocal/ucenter/index.php [debug] SELECT SQL_CALC_FOUND_ROWS * FROM ucenter_user_info WHERE 1   AND user_id=10026 LIMIT 500 
17:24:25 05/18/18 FILE=D:/PHPSTUDY/WWW/shoplocal/ucenter/index.php [debug] SELECT SQL_CALC_FOUND_ROWS * FROM ucenter_user_info WHERE 1   AND user_id=10026 LIMIT 500 
17:24:26 05/18/18 FILE=D:/PHPSTUDY/WWW/shoplocal/ucenter/index.php [debug] SELECT SQL_CALC_FOUND_ROWS * FROM ucenter_user_info WHERE 1   AND user_id=10026 LIMIT 500 
17:24:26 05/18/18 FILE=D:/PHPSTUDY/WWW/shoplocal/ucenter/index.php [debug] SELECT SQL_CALC_FOUND_ROWS * FROM ucenter_user_info_detail WHERE 1   AND user_name="qs1" LIMIT 500 
17:24:26 05/18/18 FILE=D:/PHPSTUDY/WWW/shoplocal/ucenter/index.php [debug] SELECT SQL_CALC_FOUND_ROWS * FROM ucenter_user_info WHERE 1   AND user_id=10026 LIMIT 500 
17:24:26 05/18/18 FILE=D:/PHPSTUDY/WWW/shoplocal/ucenter/index.php [debug] SELECT SQL_CALC_FOUND_ROWS * FROM ucenter_user_info WHERE 1   AND user_id=10026 LIMIT 500 
17:24:27 05/18/18 FILE=D:/PHPSTUDY/WWW/shoplocal/ucenter/index.php [debug] SELECT SQL_CALC_FOUND_ROWS * FROM ucenter_user_info WHERE 1   AND user_id=10026 LIMIT 500 
17:24:27 05/18/18 FILE=D:/PHPSTUDY/WWW/shoplocal/ucenter/index.php [debug] SELECT SQL_CALC_FOUND_ROWS * FROM ucenter_user_info WHERE 1   AND user_id=10026 LIMIT 500 
17:24:27 05/18/18 FILE=D:/PHPSTUDY/WWW/shoplocal/ucenter/index.php [debug] SELECT SQL_CALC_FOUND_ROWS * FROM ucenter_user_info_detail WHERE 1   AND user_name="qs1" LIMIT 500 
17:24:28 05/18/18 FILE=D:/PHPSTUDY/WWW/shoplocal/ucenter/index.php [debug] SELECT SQL_CALC_FOUND_ROWS * FROM ucenter_user_info WHERE 1   AND user_id=10026 LIMIT 500 
17:24:28 05/18/18 FILE=D:/PHPSTUDY/WWW/shoplocal/ucenter/index.php [debug] SELECT SQL_CALC_FOUND_ROWS * FROM ucenter_user_info WHERE 1   AND user_id=10026 LIMIT 500 
17:30:54 05/18/18 FILE=D:/PHPSTUDY/WWW/shoplocal/ucenter/index.php [debug] SELECT SQL_CALC_FOUND_ROWS * FROM ucenter_user_info WHERE 1   AND user_id=10026 LIMIT 500 
17:30:54 05/18/18 FILE=D:/PHPSTUDY/WWW/shoplocal/ucenter/index.php [debug] SELECT SQL_CALC_FOUND_ROWS * FROM ucenter_user_info WHERE 1   AND user_id=10026 LIMIT 500 
17:30:54 05/18/18 FILE=D:/PHPSTUDY/WWW/shoplocal/ucenter/index.php [debug] SELECT SQL_CALC_FOUND_ROWS * FROM ucenter_user_info WHERE 1   AND user_id=10026 LIMIT 500 
17:30:54 05/18/18 FILE=D:/PHPSTUDY/WWW/shoplocal/ucenter/index.php [debug] SELECT SQL_CALC_FOUND_ROWS * FROM ucenter_user_info WHERE 1   AND user_id=10026 LIMIT 500 
17:30:54 05/18/18 FILE=D:/PHPSTUDY/WWW/shoplocal/ucenter/index.php [debug] SELECT SQL_CALC_FOUND_ROWS * FROM ucenter_user_info_detail WHERE 1   AND user_name="qs1" LIMIT 500 
17:30:54 05/18/18 FILE=D:/PHPSTUDY/WWW/shoplocal/ucenter/index.php [debug] SELECT SQL_CALC_FOUND_ROWS * FROM ucenter_web_config WHERE 1   AND config_key="site_logo" LIMIT 500 
17:30:54 05/18/18 FILE=D:/PHPSTUDY/WWW/shoplocal/ucenter/index.php [debug] SELECT SQL_CALC_FOUND_ROWS * FROM ucenter_base_app WHERE 1   AND app_id=102 LIMIT 500 
17:30:54 05/18/18 FILE=D:/PHPSTUDY/WWW/shoplocal/ucenter/index.php [debug] SELECT SQL_CALC_FOUND_ROWS * FROM ucenter_user_info WHERE 1   AND user_id=10026 LIMIT 500 
17:30:54 05/18/18 FILE=D:/PHPSTUDY/WWW/shoplocal/ucenter/index.php [debug] SELECT SQL_CALC_FOUND_ROWS * FROM ucenter_user_info WHERE 1   AND user_id=10026 LIMIT 500 
17:30:54 05/18/18 FILE=D:/PHPSTUDY/WWW/shoplocal/ucenter/index.php [debug] SELECT SQL_CALC_FOUND_ROWS * FROM ucenter_user_info_detail WHERE 1   AND user_name="qs1" LIMIT 500 
17:30:59 05/18/18 FILE=D:/PHPSTUDY/WWW/shoplocal/ucenter/index.php [debug] SELECT SQL_CALC_FOUND_ROWS * FROM ucenter_user_info WHERE 1   AND user_id=10026 LIMIT 500 
17:30:59 05/18/18 FILE=D:/PHPSTUDY/WWW/shoplocal/ucenter/index.php [debug] SELECT SQL_CALC_FOUND_ROWS * FROM ucenter_user_info WHERE 1   AND user_id=10026 LIMIT 500 
17:31:07 05/18/18 FILE=D:/PHPSTUDY/WWW/shoplocal/ucenter/index.php [debug] SELECT SQL_CALC_FOUND_ROWS * FROM ucenter_user_info WHERE 1   AND user_id=10026 LIMIT 500 
17:31:07 05/18/18 FILE=D:/PHPSTUDY/WWW/shoplocal/ucenter/index.php [debug] SELECT SQL_CALC_FOUND_ROWS * FROM ucenter_user_info WHERE 1   AND user_id=10026 LIMIT 500 
17:31:11 05/18/18 FILE=D:/PHPSTUDY/WWW/shoplocal/ucenter/index.php [debug] SELECT SQL_CALC_FOUND_ROWS * FROM ucenter_user_info WHERE 1   AND user_id=10026 LIMIT 500 
17:31:11 05/18/18 FILE=D:/PHPSTUDY/WWW/shoplocal/ucenter/index.php [debug] SELECT SQL_CALC_FOUND_ROWS * FROM ucenter_user_info WHERE 1   AND user_id=10026 LIMIT 500 
17:31:14 05/18/18 FILE=D:/PHPSTUDY/WWW/shoplocal/ucenter/index.php [debug] SELECT SQL_CALC_FOUND_ROWS * FROM ucenter_user_info WHERE 1   AND user_id=10026 LIMIT 500 
17:31:14 05/18/18 FILE=D:/PHPSTUDY/WWW/shoplocal/ucenter/index.php [debug] SELECT SQL_CALC_FOUND_ROWS * FROM ucenter_user_info WHERE 1   AND user_id=10026 LIMIT 500 
17:31:21 05/18/18 FILE=D:/PHPSTUDY/WWW/shoplocal/ucenter/index.php [debug] SELECT SQL_CALC_FOUND_ROWS * FROM ucenter_user_info WHERE 1   AND user_id=10026 LIMIT 500 
17:31:21 05/18/18 FILE=D:/PHPSTUDY/WWW/shoplocal/ucenter/index.php [debug] SELECT SQL_CALC_FOUND_ROWS * FROM ucenter_user_info WHERE 1   AND user_id=10026 LIMIT 500 
17:32:57 05/18/18 FILE=D:/PHPSTUDY/WWW/shoplocal/ucenter/index.php [debug] SELECT SQL_CALC_FOUND_ROWS * FROM ucenter_user_info WHERE 1   AND user_id=10026 LIMIT 500 
17:32:57 05/18/18 FILE=D:/PHPSTUDY/WWW/shoplocal/ucenter/index.php [debug] SELECT SQL_CALC_FOUND_ROWS * FROM ucenter_user_info WHERE 1   AND user_id=10026 LIMIT 500 
17:34:40 05/18/18 FILE=D:/PHPSTUDY/WWW/shoplocal/ucenter/index.php [debug] SELECT SQL_CALC_FOUND_ROWS * FROM ucenter_user_info WHERE 1   AND user_id=10026 LIMIT 500 
17:34:40 05/18/18 FILE=D:/PHPSTUDY/WWW/shoplocal/ucenter/index.php [debug] SELECT SQL_CALC_FOUND_ROWS * FROM ucenter_user_info WHERE 1   AND user_id=10026 LIMIT 500 
17:34:42 05/18/18 FILE=D:/PHPSTUDY/WWW/shoplocal/ucenter/index.php [debug] SELECT SQL_CALC_FOUND_ROWS * FROM ucenter_user_info WHERE 1   AND user_id=10026 LIMIT 500 
17:34:42 05/18/18 FILE=D:/PHPSTUDY/WWW/shoplocal/ucenter/index.php [debug] SELECT SQL_CALC_FOUND_ROWS * FROM ucenter_user_info WHERE 1   AND user_id=10026 LIMIT 500 
17:35:04 05/18/18 FILE=D:/PHPSTUDY/WWW/shoplocal/ucenter/index.php [debug] SELECT SQL_CALC_FOUND_ROWS * FROM ucenter_user_info WHERE 1   AND user_id=10026 LIMIT 500 
17:35:04 05/18/18 FILE=D:/PHPSTUDY/WWW/shoplocal/ucenter/index.php [debug] SELECT SQL_CALC_FOUND_ROWS * FROM ucenter_user_info WHERE 1   AND user_id=10026 LIMIT 500 
17:35:04 05/18/18 FILE=D:/PHPSTUDY/WWW/shoplocal/ucenter/index.php [debug] SELECT SQL_CALC_FOUND_ROWS * FROM ucenter_user_info WHERE 1   AND user_id=10026 LIMIT 500 
17:35:04 05/18/18 FILE=D:/PHPSTUDY/WWW/shoplocal/ucenter/index.php [debug] SELECT SQL_CALC_FOUND_ROWS * FROM ucenter_user_info WHERE 1   AND user_id=10026 LIMIT 500 
17:35:05 05/18/18 FILE=D:/PHPSTUDY/WWW/shoplocal/ucenter/index.php [debug] SELECT SQL_CALC_FOUND_ROWS * FROM ucenter_user_info WHERE 1   AND user_id=10026 LIMIT 500 
17:35:05 05/18/18 FILE=D:/PHPSTUDY/WWW/shoplocal/ucenter/index.php [debug] SELECT SQL_CALC_FOUND_ROWS * FROM ucenter_user_info_detail WHERE 1   AND user_name="qs1" LIMIT 500 
17:35:06 05/18/18 FILE=D:/PHPSTUDY/WWW/shoplocal/ucenter/index.php [debug] SELECT SQL_CALC_FOUND_ROWS * FROM ucenter_user_info WHERE 1   AND user_id=10026 LIMIT 500 
17:35:06 05/18/18 FILE=D:/PHPSTUDY/WWW/shoplocal/ucenter/index.php [debug] SELECT SQL_CALC_FOUND_ROWS * FROM ucenter_user_info WHERE 1   AND user_id=10026 LIMIT 500 
17:35:09 05/18/18 FILE=D:/PHPSTUDY/WWW/shoplocal/ucenter/index.php [debug] SELECT SQL_CALC_FOUND_ROWS * FROM ucenter_user_info WHERE 1   AND user_id=10026 LIMIT 500 
17:35:09 05/18/18 FILE=D:/PHPSTUDY/WWW/shoplocal/ucenter/index.php [debug] SELECT SQL_CALC_FOUND_ROWS * FROM ucenter_user_info WHERE 1   AND user_id=10026 LIMIT 500 
17:35:11 05/18/18 FILE=D:/PHPSTUDY/WWW/shoplocal/ucenter/index.php [debug] SELECT SQL_CALC_FOUND_ROWS * FROM ucenter_user_info WHERE 1   AND user_id=10026 LIMIT 500 
17:35:11 05/18/18 FILE=D:/PHPSTUDY/WWW/shoplocal/ucenter/index.php [debug] SELECT SQL_CALC_FOUND_ROWS * FROM ucenter_user_info_detail WHERE 1   AND user_name="qs1" LIMIT 500 
17:35:11 05/18/18 FILE=D:/PHPSTUDY/WWW/shoplocal/ucenter/index.php [debug] SELECT SQL_CALC_FOUND_ROWS * FROM ucenter_user_info WHERE 1   AND user_id=10026 LIMIT 500 
17:35:11 05/18/18 FILE=D:/PHPSTUDY/WWW/shoplocal/ucenter/index.php [debug] SELECT SQL_CALC_FOUND_ROWS * FROM ucenter_user_info WHERE 1   AND user_id=10026 LIMIT 500 
17:35:11 05/18/18 FILE=D:/PHPSTUDY/WWW/shoplocal/ucenter/index.php [debug] SELECT SQL_CALC_FOUND_ROWS * FROM ucenter_user_info WHERE 1   AND user_id=10026 LIMIT 500 
17:35:11 05/18/18 FILE=D:/PHPSTUDY/WWW/shoplocal/ucenter/index.php [debug] SELECT SQL_CALC_FOUND_ROWS * FROM ucenter_user_info WHERE 1   AND user_id=10026 LIMIT 500 
17:35:11 05/18/18 FILE=D:/PHPSTUDY/WWW/shoplocal/ucenter/index.php [debug] SELECT SQL_CALC_FOUND_ROWS * FROM ucenter_user_info WHERE 1   AND user_id=10026 LIMIT 500 
17:35:11 05/18/18 FILE=D:/PHPSTUDY/WWW/shoplocal/ucenter/index.php [debug] SELECT SQL_CALC_FOUND_ROWS * FROM ucenter_user_info WHERE 1   AND user_id=10026 LIMIT 500 
17:35:50 05/18/18 FILE=D:/PHPSTUDY/WWW/shoplocal/ucenter/index.php [debug] SELECT SQL_CALC_FOUND_ROWS * FROM ucenter_user_info WHERE 1   AND user_id=10026 LIMIT 500 
17:35:50 05/18/18 FILE=D:/PHPSTUDY/WWW/shoplocal/ucenter/index.php [debug] SELECT SQL_CALC_FOUND_ROWS * FROM ucenter_user_info WHERE 1   AND user_id=10026 LIMIT 500 
17:35:51 05/18/18 FILE=D:/PHPSTUDY/WWW/shoplocal/ucenter/index.php [debug] SELECT SQL_CALC_FOUND_ROWS * FROM ucenter_user_info WHERE 1   AND user_id=10026 LIMIT 500 
17:35:51 05/18/18 FILE=D:/PHPSTUDY/WWW/shoplocal/ucenter/index.php [debug] SELECT SQL_CALC_FOUND_ROWS * FROM ucenter_user_info_detail WHERE 1   AND user_name="qs1" LIMIT 500 
17:35:52 05/18/18 FILE=D:/PHPSTUDY/WWW/shoplocal/ucenter/index.php [debug] SELECT SQL_CALC_FOUND_ROWS * FROM ucenter_user_info WHERE 1   AND user_id=10026 LIMIT 500 
17:35:52 05/18/18 FILE=D:/PHPSTUDY/WWW/shoplocal/ucenter/index.php [debug] SELECT SQL_CALC_FOUND_ROWS * FROM ucenter_user_info WHERE 1   AND user_id=10026 LIMIT 500 
17:35:52 05/18/18 FILE=D:/PHPSTUDY/WWW/shoplocal/ucenter/index.php [debug] SELECT SQL_CALC_FOUND_ROWS * FROM ucenter_user_info WHERE 1   AND user_id=10026 LIMIT 500 
17:35:52 05/18/18 FILE=D:/PHPSTUDY/WWW/shoplocal/ucenter/index.php [debug] SELECT SQL_CALC_FOUND_ROWS * FROM ucenter_user_info WHERE 1   AND user_id=10026 LIMIT 500 
17:35:52 05/18/18 FILE=D:/PHPSTUDY/WWW/shoplocal/ucenter/index.php [debug] SELECT SQL_CALC_FOUND_ROWS * FROM ucenter_user_info WHERE 1   AND user_id=10026 LIMIT 500 
17:35:52 05/18/18 FILE=D:/PHPSTUDY/WWW/shoplocal/ucenter/index.php [debug] SELECT SQL_CALC_FOUND_ROWS * FROM ucenter_user_info WHERE 1   AND user_id=10026 LIMIT 500 
15:32:15 08/27/18 FILE=E:/www/yf/3.2.0/ucenter/index.php [debug] SELECT SQL_CALC_FOUND_ROWS * FROM ucenter_web_config WHERE 1   AND config_key="user_default_avatar" LIMIT 500 
15:32:16 08/27/18 FILE=E:/www/yf/3.2.0/ucenter/index.php [debug] SELECT SQL_CALC_FOUND_ROWS * FROM ucenter_web_config WHERE 1   AND config_key="user_default_avatar" LIMIT 500 
15:32:18 08/27/18 FILE=E:/www/yf/3.2.0/ucenter/index.php [debug] SELECT SQL_CALC_FOUND_ROWS * FROM ucenter_web_config WHERE 1   AND config_key="user_default_avatar" LIMIT 500 
15:33:15 08/27/18 FILE=E:/www/yf/3.2.0/ucenter/index.php [debug] SELECT SQL_CALC_FOUND_ROWS * FROM ucenter_user_info WHERE 1   AND user_name="admin" LIMIT 500 
15:33:15 08/27/18 FILE=E:/www/yf/3.2.0/ucenter/index.php [debug] SELECT SQL_CALC_FOUND_ROWS * FROM ucenter_user_info_detail WHERE 1   AND user_name="admin" LIMIT 500 
15:33:15 08/27/18 FILE=E:/www/yf/3.2.0/ucenter/index.php [debug] SELECT SQL_CALC_FOUND_ROWS * FROM ucenter_user_info WHERE 1   AND user_id=10001 LIMIT 500 
15:33:15 08/27/18 FILE=E:/www/yf/3.2.0/ucenter/index.php [debug] SELECT SQL_CALC_FOUND_ROWS * FROM ucenter_user_info_detail WHERE 1   AND user_name="admin" LIMIT 500 
15:33:15 08/27/18 FILE=E:/www/yf/3.2.0/ucenter/index.php [debug] SELECT SQL_CALC_FOUND_ROWS * FROM ucenter_web_config WHERE 1   AND config_key="user_default_avatar" LIMIT 500 
15:36:37 08/27/18 FILE=E:/www/yf/3.2.0/ucenter/index.php [debug] SELECT SQL_CALC_FOUND_ROWS * FROM ucenter_web_config WHERE 1   AND config_key="user_default_avatar" LIMIT 500 
15:36:38 08/27/18 FILE=E:/www/yf/3.2.0/ucenter/index.php [debug] SELECT SQL_CALC_FOUND_ROWS * FROM ucenter_user_info WHERE 1   AND user_id=10001 LIMIT 500 
15:36:39 08/27/18 FILE=E:/www/yf/3.2.0/ucenter/index.php [debug] SELECT SQL_CALC_FOUND_ROWS * FROM ucenter_user_info WHERE 1   AND user_id=10001 LIMIT 500 
15:36:39 08/27/18 FILE=E:/www/yf/3.2.0/ucenter/index.php [debug] SELECT SQL_CALC_FOUND_ROWS * FROM ucenter_user_info WHERE 1   AND user_id=10001 LIMIT 500 
15:36:40 08/27/18 FILE=E:/www/yf/3.2.0/ucenter/index.php [debug] SELECT SQL_CALC_FOUND_ROWS * FROM ucenter_web_config WHERE 1   AND config_key="user_default_avatar" LIMIT 500 
15:36:41 08/27/18 FILE=E:/www/yf/3.2.0/ucenter/index.php [debug] SELECT SQL_CALC_FOUND_ROWS * FROM ucenter_user_info WHERE 1   AND user_id=10001 LIMIT 500 
15:36:41 08/27/18 FILE=E:/www/yf/3.2.0/ucenter/index.php [debug] SELECT SQL_CALC_FOUND_ROWS * FROM ucenter_user_info WHERE 1   AND user_id=10001 LIMIT 500 
15:36:45 08/27/18 FILE=E:/www/yf/3.2.0/ucenter/index.php [debug] SELECT SQL_CALC_FOUND_ROWS * FROM ucenter_web_config WHERE 1   AND config_key="user_default_avatar" LIMIT 500 
15:36:46 08/27/18 FILE=E:/www/yf/3.2.0/ucenter/index.php [debug] SELECT SQL_CALC_FOUND_ROWS * FROM ucenter_user_info WHERE 1   AND user_id=10001 LIMIT 500 
15:38:03 08/27/18 FILE=E:/www/yf/3.2.0/ucenter/index.php [debug] SELECT SQL_CALC_FOUND_ROWS * FROM ucenter_user_info WHERE 1   AND user_id=10001 LIMIT 500 
15:38:03 08/27/18 FILE=E:/www/yf/3.2.0/ucenter/index.php [debug] SELECT SQL_CALC_FOUND_ROWS * FROM ucenter_web_config WHERE 1   AND config_key="user_default_avatar" LIMIT 500 
15:38:05 08/27/18 FILE=E:/www/yf/3.2.0/ucenter/index.php [debug] SELECT SQL_CALC_FOUND_ROWS * FROM ucenter_user_info WHERE 1   AND user_id=10001 LIMIT 500 
15:39:41 08/27/18 FILE=E:/www/yf/3.2.0/ucenter/index.php [debug] SELECT SQL_CALC_FOUND_ROWS * FROM ucenter_web_config WHERE 1   AND config_key="user_default_avatar" LIMIT 500 
15:39:42 08/27/18 FILE=E:/www/yf/3.2.0/ucenter/index.php [debug] SELECT SQL_CALC_FOUND_ROWS * FROM ucenter_user_info WHERE 1   AND user_id=10001 LIMIT 500 
15:39:43 08/27/18 FILE=E:/www/yf/3.2.0/ucenter/index.php [debug] SELECT SQL_CALC_FOUND_ROWS * FROM ucenter_user_info WHERE 1   AND user_id=10001 LIMIT 500 
15:39:43 08/27/18 FILE=E:/www/yf/3.2.0/ucenter/index.php [debug] SELECT SQL_CALC_FOUND_ROWS * FROM ucenter_web_config WHERE 1   AND config_key="user_default_avatar" LIMIT 500 
15:39:45 08/27/18 FILE=E:/www/yf/3.2.0/ucenter/index.php [debug] SELECT SQL_CALC_FOUND_ROWS * FROM ucenter_user_info WHERE 1   AND user_id=10001 LIMIT 500 
15:39:45 08/27/18 FILE=E:/www/yf/3.2.0/ucenter/index.php [debug] SELECT SQL_CALC_FOUND_ROWS * FROM ucenter_web_config WHERE 1   AND config_key="user_default_avatar" LIMIT 500 
15:39:46 08/27/18 FILE=E:/www/yf/3.2.0/ucenter/index.php [debug] SELECT SQL_CALC_FOUND_ROWS * FROM ucenter_web_config WHERE 1   AND config_key="site_logo" LIMIT 500 
15:39:46 08/27/18 FILE=E:/www/yf/3.2.0/ucenter/index.php [debug] SELECT SQL_CALC_FOUND_ROWS * FROM ucenter_base_app WHERE 1   AND app_id=102 LIMIT 500 
15:39:46 08/27/18 FILE=E:/www/yf/3.2.0/ucenter/index.php [debug] SELECT SQL_CALC_FOUND_ROWS * FROM ucenter_user_info WHERE 1   AND user_id=10001 LIMIT 500 
15:39:46 08/27/18 FILE=E:/www/yf/3.2.0/ucenter/index.php [debug] SELECT  SQL_CALC_FOUND_ROWS config_key FROM ucenter_web_config WHERE 1   AND config_type="register" LIMIT 500 
15:39:46 08/27/18 FILE=E:/www/yf/3.2.0/ucenter/index.php [debug] SELECT SQL_CALC_FOUND_ROWS * FROM ucenter_web_config WHERE 1   AND config_key IN ("reg_checkcode","reg_lowercase","reg_number","reg_protocol","reg_pwdlength","reg_symbols","reg_uppercase") LIMIT 500 
15:39:46 08/27/18 FILE=E:/www/yf/3.2.0/ucenter/index.php [debug] SELECT SQL_CALC_FOUND_ROWS * FROM ucenter_web_config WHERE 1   AND config_key="login_backcolor" LIMIT 500 
15:39:46 08/27/18 FILE=E:/www/yf/3.2.0/ucenter/index.php [debug] SELECT SQL_CALC_FOUND_ROWS * FROM ucenter_web_config WHERE 1   AND config_key="login_logo" LIMIT 500 
15:39:46 08/27/18 FILE=E:/www/yf/3.2.0/ucenter/index.php [debug] SELECT SQL_CALC_FOUND_ROWS * FROM ucenter_web_config WHERE 1   AND config_key="copyright" LIMIT 500 
15:39:46 08/27/18 FILE=E:/www/yf/3.2.0/ucenter/index.php [debug] SELECT SQL_CALC_FOUND_ROWS * FROM ucenter_web_config WHERE 1   AND config_key="icp_number" LIMIT 500 
15:39:46 08/27/18 FILE=E:/www/yf/3.2.0/ucenter/index.php [debug] SELECT SQL_CALC_FOUND_ROWS * FROM ucenter_web_config WHERE 1   AND config_key="statistics_code" LIMIT 500 
15:39:46 08/27/18 FILE=E:/www/yf/3.2.0/ucenter/index.php [debug] SELECT SQL_CALC_FOUND_ROWS * FROM ucenter_web_config WHERE 1   AND config_key="site_logo" LIMIT 500 
15:39:46 08/27/18 FILE=E:/www/yf/3.2.0/ucenter/index.php [debug] SELECT SQL_CALC_FOUND_ROWS * FROM ucenter_base_app WHERE 1   AND app_id=102 LIMIT 500 
15:39:46 08/27/18 FILE=E:/www/yf/3.2.0/ucenter/index.php [debug] SELECT SQL_CALC_FOUND_ROWS * FROM ucenter_user_info WHERE 1   AND user_id=10001 LIMIT 500 
15:39:46 08/27/18 FILE=E:/www/yf/3.2.0/ucenter/index.php [debug] SELECT  SQL_CALC_FOUND_ROWS config_key FROM ucenter_web_config WHERE 1   AND config_type="register" LIMIT 500 
15:39:46 08/27/18 FILE=E:/www/yf/3.2.0/ucenter/index.php [debug] SELECT SQL_CALC_FOUND_ROWS * FROM ucenter_web_config WHERE 1   AND config_key IN ("reg_checkcode","reg_lowercase","reg_number","reg_protocol","reg_pwdlength","reg_symbols","reg_uppercase") LIMIT 500 
15:39:46 08/27/18 FILE=E:/www/yf/3.2.0/ucenter/index.php [debug] SELECT SQL_CALC_FOUND_ROWS * FROM ucenter_web_config WHERE 1   AND config_key="login_backcolor" LIMIT 500 
15:39:46 08/27/18 FILE=E:/www/yf/3.2.0/ucenter/index.php [debug] SELECT SQL_CALC_FOUND_ROWS * FROM ucenter_web_config WHERE 1   AND config_key="login_logo" LIMIT 500 
15:39:46 08/27/18 FILE=E:/www/yf/3.2.0/ucenter/index.php [debug] SELECT SQL_CALC_FOUND_ROWS * FROM ucenter_web_config WHERE 1   AND config_key="copyright" LIMIT 500 
15:39:46 08/27/18 FILE=E:/www/yf/3.2.0/ucenter/index.php [debug] SELECT SQL_CALC_FOUND_ROWS * FROM ucenter_web_config WHERE 1   AND config_key="icp_number" LIMIT 500 
15:39:46 08/27/18 FILE=E:/www/yf/3.2.0/ucenter/index.php [debug] SELECT SQL_CALC_FOUND_ROWS * FROM ucenter_web_config WHERE 1   AND config_key="statistics_code" LIMIT 500 
15:39:49 08/27/18 FILE=E:/www/yf/3.2.0/ucenter/index.php [debug] SELECT SQL_CALC_FOUND_ROWS * FROM ucenter_user_info WHERE 1   AND user_id=10001 LIMIT 500 
15:39:49 08/27/18 FILE=E:/www/yf/3.2.0/ucenter/index.php [debug] SELECT SQL_CALC_FOUND_ROWS * FROM ucenter_user_info WHERE 1   AND user_id=10001 LIMIT 500 
15:39:49 08/27/18 FILE=E:/www/yf/3.2.0/ucenter/index.php [debug] SELECT SQL_CALC_FOUND_ROWS * FROM ucenter_web_config WHERE 1   AND config_key="user_default_avatar" LIMIT 500 
15:39:52 08/27/18 FILE=E:/www/yf/3.2.0/ucenter/index.php [debug] SELECT SQL_CALC_FOUND_ROWS * FROM ucenter_web_config WHERE 1   AND config_key="user_default_avatar" LIMIT 500 
15:39:52 08/27/18 FILE=E:/www/yf/3.2.0/ucenter/index.php [debug] SELECT SQL_CALC_FOUND_ROWS * FROM ucenter_user_info WHERE 1   AND user_id=10001 LIMIT 500 
15:39:53 08/27/18 FILE=E:/www/yf/3.2.0/ucenter/index.php [debug] SELECT SQL_CALC_FOUND_ROWS * FROM ucenter_web_config WHERE 1   AND config_key="user_default_avatar" LIMIT 500 
15:39:53 08/27/18 FILE=E:/www/yf/3.2.0/ucenter/index.php [debug] SELECT SQL_CALC_FOUND_ROWS * FROM ucenter_user_info WHERE 1   AND user_id=10001 LIMIT 500 
15:39:54 08/27/18 FILE=E:/www/yf/3.2.0/ucenter/index.php [debug] SELECT SQL_CALC_FOUND_ROWS * FROM ucenter_web_config WHERE 1   AND config_key="user_default_avatar" LIMIT 500 
15:39:54 08/27/18 FILE=E:/www/yf/3.2.0/ucenter/index.php [debug] SELECT SQL_CALC_FOUND_ROWS * FROM ucenter_user_info WHERE 1   AND user_id=10001 LIMIT 500 
15:39:55 08/27/18 FILE=E:/www/yf/3.2.0/ucenter/index.php [debug] SELECT SQL_CALC_FOUND_ROWS * FROM ucenter_user_info WHERE 1   AND user_id=10001 LIMIT 500 
15:40:08 08/27/18 FILE=E:/www/yf/3.2.0/ucenter/index.php [debug] SELECT SQL_CALC_FOUND_ROWS * FROM ucenter_web_config WHERE 1   AND config_key="site_logo" LIMIT 500 
15:40:08 08/27/18 FILE=E:/www/yf/3.2.0/ucenter/index.php [debug] SELECT SQL_CALC_FOUND_ROWS * FROM ucenter_base_app WHERE 1   AND app_id=102 LIMIT 500 
15:40:08 08/27/18 FILE=E:/www/yf/3.2.0/ucenter/index.php [debug] SELECT SQL_CALC_FOUND_ROWS * FROM ucenter_user_info WHERE 1   AND user_id=10001 LIMIT 500 
15:40:08 08/27/18 FILE=E:/www/yf/3.2.0/ucenter/index.php [debug] SELECT  SQL_CALC_FOUND_ROWS config_key FROM ucenter_web_config WHERE 1   AND config_type="register" LIMIT 500 
15:40:08 08/27/18 FILE=E:/www/yf/3.2.0/ucenter/index.php [debug] SELECT SQL_CALC_FOUND_ROWS * FROM ucenter_web_config WHERE 1   AND config_key IN ("reg_checkcode","reg_lowercase","reg_number","reg_protocol","reg_pwdlength","reg_symbols","reg_uppercase") LIMIT 500 
15:40:08 08/27/18 FILE=E:/www/yf/3.2.0/ucenter/index.php [debug] SELECT SQL_CALC_FOUND_ROWS * FROM ucenter_web_config WHERE 1   AND config_key="login_backcolor" LIMIT 500 
15:40:08 08/27/18 FILE=E:/www/yf/3.2.0/ucenter/index.php [debug] SELECT SQL_CALC_FOUND_ROWS * FROM ucenter_web_config WHERE 1   AND config_key="login_logo" LIMIT 500 
15:40:08 08/27/18 FILE=E:/www/yf/3.2.0/ucenter/index.php [debug] SELECT SQL_CALC_FOUND_ROWS * FROM ucenter_web_config WHERE 1   AND config_key="copyright" LIMIT 500 
15:40:08 08/27/18 FILE=E:/www/yf/3.2.0/ucenter/index.php [debug] SELECT SQL_CALC_FOUND_ROWS * FROM ucenter_web_config WHERE 1   AND config_key="icp_number" LIMIT 500 
15:40:08 08/27/18 FILE=E:/www/yf/3.2.0/ucenter/index.php [debug] SELECT SQL_CALC_FOUND_ROWS * FROM ucenter_web_config WHERE 1   AND config_key="statistics_code" LIMIT 500 
15:40:09 08/27/18 FILE=E:/www/yf/3.2.0/ucenter/index.php [debug] SELECT SQL_CALC_FOUND_ROWS * FROM ucenter_web_config WHERE 1   AND config_key="site_logo" LIMIT 500 
15:40:09 08/27/18 FILE=E:/www/yf/3.2.0/ucenter/index.php [debug] SELECT SQL_CALC_FOUND_ROWS * FROM ucenter_base_app WHERE 1   AND app_id=102 LIMIT 500 
15:40:09 08/27/18 FILE=E:/www/yf/3.2.0/ucenter/index.php [debug] SELECT SQL_CALC_FOUND_ROWS * FROM ucenter_user_info WHERE 1   AND user_id=10001 LIMIT 500 
15:40:09 08/27/18 FILE=E:/www/yf/3.2.0/ucenter/index.php [debug] SELECT  SQL_CALC_FOUND_ROWS config_key FROM ucenter_web_config WHERE 1   AND config_type="register" LIMIT 500 
15:40:09 08/27/18 FILE=E:/www/yf/3.2.0/ucenter/index.php [debug] SELECT SQL_CALC_FOUND_ROWS * FROM ucenter_web_config WHERE 1   AND config_key IN ("reg_checkcode","reg_lowercase","reg_number","reg_protocol","reg_pwdlength","reg_symbols","reg_uppercase") LIMIT 500 
15:40:09 08/27/18 FILE=E:/www/yf/3.2.0/ucenter/index.php [debug] SELECT SQL_CALC_FOUND_ROWS * FROM ucenter_web_config WHERE 1   AND config_key="login_backcolor" LIMIT 500 
15:40:09 08/27/18 FILE=E:/www/yf/3.2.0/ucenter/index.php [debug] SELECT SQL_CALC_FOUND_ROWS * FROM ucenter_web_config WHERE 1   AND config_key="login_logo" LIMIT 500 
15:40:09 08/27/18 FILE=E:/www/yf/3.2.0/ucenter/index.php [debug] SELECT SQL_CALC_FOUND_ROWS * FROM ucenter_web_config WHERE 1   AND config_key="copyright" LIMIT 500 
15:40:09 08/27/18 FILE=E:/www/yf/3.2.0/ucenter/index.php [debug] SELECT SQL_CALC_FOUND_ROWS * FROM ucenter_web_config WHERE 1   AND config_key="icp_number" LIMIT 500 
15:40:09 08/27/18 FILE=E:/www/yf/3.2.0/ucenter/index.php [debug] SELECT SQL_CALC_FOUND_ROWS * FROM ucenter_web_config WHERE 1   AND config_key="statistics_code" LIMIT 500 
15:40:32 08/27/18 FILE=E:/www/yf/3.2.0/ucenter/index.php [debug] SELECT SQL_CALC_FOUND_ROWS * FROM ucenter_user_info WHERE 1   AND user_id=10001 LIMIT 500 
15:40:32 08/27/18 FILE=E:/www/yf/3.2.0/ucenter/index.php [debug] SELECT SQL_CALC_FOUND_ROWS * FROM ucenter_user_info WHERE 1   AND user_id=10001 LIMIT 500 
15:40:32 08/27/18 FILE=E:/www/yf/3.2.0/ucenter/index.php [debug] SELECT SQL_CALC_FOUND_ROWS * FROM ucenter_web_config WHERE 1   AND config_key="user_default_avatar" LIMIT 500 
15:40:34 08/27/18 FILE=E:/www/yf/3.2.0/ucenter/index.php [debug] SELECT SQL_CALC_FOUND_ROWS * FROM ucenter_user_info WHERE 1   AND user_id=10001 LIMIT 500 
15:40:36 08/27/18 FILE=E:/www/yf/3.2.0/ucenter/index.php [debug] SELECT SQL_CALC_FOUND_ROWS * FROM ucenter_user_info WHERE 1   AND user_id=10001 LIMIT 500 
15:40:36 08/27/18 FILE=E:/www/yf/3.2.0/ucenter/index.php [debug] SELECT SQL_CALC_FOUND_ROWS * FROM ucenter_web_config WHERE 1   AND config_key="user_default_avatar" LIMIT 500 
15:40:37 08/27/18 FILE=E:/www/yf/3.2.0/ucenter/index.php [debug] SELECT SQL_CALC_FOUND_ROWS * FROM ucenter_web_config WHERE 1   AND config_key="user_default_avatar" LIMIT 500 
15:40:38 08/27/18 FILE=E:/www/yf/3.2.0/ucenter/index.php [debug] SELECT SQL_CALC_FOUND_ROWS * FROM ucenter_user_info WHERE 1   AND user_id=10001 LIMIT 500 
15:40:38 08/27/18 FILE=E:/www/yf/3.2.0/ucenter/index.php [debug] SELECT SQL_CALC_FOUND_ROWS * FROM ucenter_web_config WHERE 1   AND config_key="site_logo" LIMIT 500 
15:40:38 08/27/18 FILE=E:/www/yf/3.2.0/ucenter/index.php [debug] SELECT SQL_CALC_FOUND_ROWS * FROM ucenter_base_app WHERE 1   AND app_id=102 LIMIT 500 
15:40:38 08/27/18 FILE=E:/www/yf/3.2.0/ucenter/index.php [debug] SELECT SQL_CALC_FOUND_ROWS * FROM ucenter_user_info WHERE 1   AND user_id=10001 LIMIT 500 
15:40:38 08/27/18 FILE=E:/www/yf/3.2.0/ucenter/index.php [debug] SELECT  SQL_CALC_FOUND_ROWS config_key FROM ucenter_web_config WHERE 1   AND config_type="register" LIMIT 500 
15:40:38 08/27/18 FILE=E:/www/yf/3.2.0/ucenter/index.php [debug] SELECT SQL_CALC_FOUND_ROWS * FROM ucenter_web_config WHERE 1   AND config_key IN ("reg_checkcode","reg_lowercase","reg_number","reg_protocol","reg_pwdlength","reg_symbols","reg_uppercase") LIMIT 500 
15:40:38 08/27/18 FILE=E:/www/yf/3.2.0/ucenter/index.php [debug] SELECT SQL_CALC_FOUND_ROWS * FROM ucenter_web_config WHERE 1   AND config_key="login_backcolor" LIMIT 500 
15:40:38 08/27/18 FILE=E:/www/yf/3.2.0/ucenter/index.php [debug] SELECT SQL_CALC_FOUND_ROWS * FROM ucenter_web_config WHERE 1   AND config_key="login_logo" LIMIT 500 
15:40:38 08/27/18 FILE=E:/www/yf/3.2.0/ucenter/index.php [debug] SELECT SQL_CALC_FOUND_ROWS * FROM ucenter_web_config WHERE 1   AND config_key="copyright" LIMIT 500 
15:40:38 08/27/18 FILE=E:/www/yf/3.2.0/ucenter/index.php [debug] SELECT SQL_CALC_FOUND_ROWS * FROM ucenter_web_config WHERE 1   AND config_key="icp_number" LIMIT 500 
15:40:38 08/27/18 FILE=E:/www/yf/3.2.0/ucenter/index.php [debug] SELECT SQL_CALC_FOUND_ROWS * FROM ucenter_web_config WHERE 1   AND config_key="statistics_code" LIMIT 500 
15:40:38 08/27/18 FILE=E:/www/yf/3.2.0/ucenter/index.php [debug] SELECT SQL_CALC_FOUND_ROWS * FROM ucenter_web_config WHERE 1   AND config_key="site_logo" LIMIT 500 
15:40:38 08/27/18 FILE=E:/www/yf/3.2.0/ucenter/index.php [debug] SELECT SQL_CALC_FOUND_ROWS * FROM ucenter_base_app WHERE 1   AND app_id=102 LIMIT 500 
15:40:38 08/27/18 FILE=E:/www/yf/3.2.0/ucenter/index.php [debug] SELECT SQL_CALC_FOUND_ROWS * FROM ucenter_user_info WHERE 1   AND user_id=10001 LIMIT 500 
15:40:38 08/27/18 FILE=E:/www/yf/3.2.0/ucenter/index.php [debug] SELECT  SQL_CALC_FOUND_ROWS config_key FROM ucenter_web_config WHERE 1   AND config_type="register" LIMIT 500 
15:40:38 08/27/18 FILE=E:/www/yf/3.2.0/ucenter/index.php [debug] SELECT SQL_CALC_FOUND_ROWS * FROM ucenter_web_config WHERE 1   AND config_key IN ("reg_checkcode","reg_lowercase","reg_number","reg_protocol","reg_pwdlength","reg_symbols","reg_uppercase") LIMIT 500 
15:40:38 08/27/18 FILE=E:/www/yf/3.2.0/ucenter/index.php [debug] SELECT SQL_CALC_FOUND_ROWS * FROM ucenter_web_config WHERE 1   AND config_key="login_backcolor" LIMIT 500 
15:40:38 08/27/18 FILE=E:/www/yf/3.2.0/ucenter/index.php [debug] SELECT SQL_CALC_FOUND_ROWS * FROM ucenter_web_config WHERE 1   AND config_key="login_logo" LIMIT 500 
15:40:38 08/27/18 FILE=E:/www/yf/3.2.0/ucenter/index.php [debug] SELECT SQL_CALC_FOUND_ROWS * FROM ucenter_web_config WHERE 1   AND config_key="copyright" LIMIT 500 
15:40:38 08/27/18 FILE=E:/www/yf/3.2.0/ucenter/index.php [debug] SELECT SQL_CALC_FOUND_ROWS * FROM ucenter_web_config WHERE 1   AND config_key="icp_number" LIMIT 500 
15:40:38 08/27/18 FILE=E:/www/yf/3.2.0/ucenter/index.php [debug] SELECT SQL_CALC_FOUND_ROWS * FROM ucenter_web_config WHERE 1   AND config_key="statistics_code" LIMIT 500 
